nohup: ignoring input
Warning: scikit-learn-intelex not installed, sklearn acceleration for the RepC checker is not enabled.
  0%|          | 0/1 [00:00<?, ?it/s]100%|██████████| 1/1 [00:16<00:00, 16.65s/it]100%|██████████| 1/1 [00:16<00:00, 16.65s/it]
  0%|          | 0/1 [00:00<?, ?it/s]100%|██████████| 1/1 [00:15<00:00, 15.96s/it]100%|██████████| 1/1 [00:15<00:00, 15.96s/it]
  0%|          | 0/1 [00:00<?, ?it/s]100%|██████████| 1/1 [00:14<00:00, 14.10s/it]100%|██████████| 1/1 [00:14<00:00, 14.10s/it]
  0%|          | 0/1 [00:00<?, ?it/s]100%|██████████| 1/1 [00:11<00:00, 11.35s/it]100%|██████████| 1/1 [00:11<00:00, 11.35s/it]
  0%|          | 0/1 [00:00<?, ?it/s]100%|██████████| 1/1 [00:19<00:00, 19.71s/it]100%|██████████| 1/1 [00:19<00:00, 19.71s/it]
  0%|          | 0/1 [00:00<?, ?it/s]100%|██████████| 1/1 [00:22<00:00, 22.78s/it]100%|██████████| 1/1 [00:22<00:00, 22.78s/it]
  0%|          | 0/1 [00:00<?, ?it/s]100%|██████████| 1/1 [00:19<00:00, 19.45s/it]100%|██████████| 1/1 [00:19<00:00, 19.45s/it]
  0%|          | 0/1 [00:00<?, ?it/s]100%|██████████| 1/1 [00:32<00:00, 32.32s/it]100%|██████████| 1/1 [00:32<00:00, 32.32s/it]
  0%|          | 0/150 [00:00<?, ?it/s]  1%|          | 1/150 [00:04<10:28,  4.22s/it]  1%|▏         | 2/150 [00:14<18:31,  7.51s/it]  2%|▏         | 3/150 [00:16<13:14,  5.40s/it]  3%|▎         | 4/150 [00:21<12:28,  5.13s/it]  3%|▎         | 5/150 [00:26<12:20,  5.11s/it]  4%|▍         | 6/150 [00:38<17:36,  7.34s/it]  5%|▍         | 7/150 [00:44<16:54,  7.09s/it]  5%|▌         | 8/150 [01:04<26:27, 11.18s/it]  6%|▌         | 9/150 [01:07<19:39,  8.36s/it]  7%|▋         | 10/150 [01:12<17:35,  7.54s/it]  7%|▋         | 11/150 [01:15<13:55,  6.01s/it]  8%|▊         | 12/150 [01:20<13:34,  5.91s/it]  9%|▊         | 13/150 [01:24<11:42,  5.12s/it]  9%|▉         | 14/150 [01:29<11:54,  5.25s/it] 10%|█         | 15/150 [01:32<10:01,  4.46s/it] 11%|█         | 16/150 [01:36<09:55,  4.44s/it] 11%|█▏        | 17/150 [01:41<09:58,  4.50s/it] 12%|█▏        | 18/150 [01:45<09:54,  4.50s/it] 13%|█▎        | 19/150 [01:48<08:34,  3.93s/it] 13%|█▎        | 20/150 [02:03<15:48,  7.30s/it] 14%|█▍        | 21/150 [02:06<12:32,  5.83s/it] 15%|█▍        | 22/150 [02:20<17:59,  8.43s/it] 15%|█▌        | 23/150 [02:27<16:34,  7.83s/it] 16%|█▌        | 24/150 [02:33<15:29,  7.38s/it] 17%|█▋        | 25/150 [02:53<23:12, 11.14s/it] 17%|█▋        | 26/150 [02:56<18:17,  8.85s/it] 18%|█▊        | 27/150 [03:10<21:13, 10.35s/it] 19%|█▊        | 28/150 [03:14<17:14,  8.48s/it] 19%|█▉        | 29/150 [03:30<21:36, 10.71s/it] 20%|██        | 30/150 [03:33<16:30,  8.26s/it] 21%|██        | 31/150 [03:37<13:50,  6.98s/it] 21%|██▏       | 32/150 [04:02<24:43, 12.57s/it] 22%|██▏       | 33/150 [04:17<25:32, 13.10s/it] 23%|██▎       | 34/150 [04:21<20:26, 10.57s/it] 23%|██▎       | 35/150 [04:28<17:51,  9.32s/it]litellm.APIConnectionError: [Errno 9] Bad file descriptor
Traceback (most recent call last):
  File "/opt/conda/envs/refchecker/lib/python3.10/site-packages/httpx/_transports/default.py", line 69, in map_httpcore_exceptions
    yield
  File "/opt/conda/envs/refchecker/lib/python3.10/site-packages/httpx/_transports/default.py", line 233, in handle_request
    resp = self._pool.handle_request(req)
  File "/opt/conda/envs/refchecker/lib/python3.10/site-packages/httpcore/_sync/connection_pool.py", line 216, in handle_request
    raise exc from None
  File "/opt/conda/envs/refchecker/lib/python3.10/site-packages/httpcore/_sync/connection_pool.py", line 196, in handle_request
    response = connection.handle_request(
  File "/opt/conda/envs/refchecker/lib/python3.10/site-packages/httpcore/_sync/connection.py", line 101, in handle_request
    return self._connection.handle_request(request)
  File "/opt/conda/envs/refchecker/lib/python3.10/site-packages/httpcore/_sync/http11.py", line 143, in handle_request
    raise exc
  File "/opt/conda/envs/refchecker/lib/python3.10/site-packages/httpcore/_sync/http11.py", line 113, in handle_request
    ) = self._receive_response_headers(**kwargs)
  File "/opt/conda/envs/refchecker/lib/python3.10/site-packages/httpcore/_sync/http11.py", line 186, in _receive_response_headers
    event = self._receive_event(timeout=timeout)
  File "/opt/conda/envs/refchecker/lib/python3.10/site-packages/httpcore/_sync/http11.py", line 224, in _receive_event
    data = self._network_stream.read(
  File "/opt/conda/envs/refchecker/lib/python3.10/site-packages/httpcore/_backends/sync.py", line 124, in read
    with map_exceptions(exc_map):
  File "/opt/conda/envs/refchecker/lib/python3.10/contextlib.py", line 153, in __exit__
    self.gen.throw(typ, value, traceback)
  File "/opt/conda/envs/refchecker/lib/python3.10/site-packages/httpcore/_exceptions.py", line 14, in map_exceptions
    raise to_exc(exc) from exc
httpcore.ReadError: [Errno 9] Bad file descriptor

The above exception was the direct cause of the following exception:

Traceback (most recent call last):
  File "/opt/conda/envs/refchecker/lib/python3.10/site-packages/litellm/main.py", line 2293, in completion
    response = bedrock_chat_completion.completion(
  File "/opt/conda/envs/refchecker/lib/python3.10/site-packages/litellm/llms/bedrock_httpx.py", line 1094, in completion
    response = self.client.post(url=prepped.url, headers=prepped.headers, data=data)  # type: ignore
  File "/opt/conda/envs/refchecker/lib/python3.10/site-packages/litellm/llms/custom_httpx/http_handler.py", line 200, in post
    response = self.client.send(req, stream=stream)
  File "/opt/conda/envs/refchecker/lib/python3.10/site-packages/httpx/_client.py", line 914, in send
    response = self._send_handling_auth(
  File "/opt/conda/envs/refchecker/lib/python3.10/site-packages/httpx/_client.py", line 942, in _send_handling_auth
    response = self._send_handling_redirects(
  File "/opt/conda/envs/refchecker/lib/python3.10/site-packages/httpx/_client.py", line 979, in _send_handling_redirects
    response = self._send_single_request(request)
  File "/opt/conda/envs/refchecker/lib/python3.10/site-packages/httpx/_client.py", line 1015, in _send_single_request
    response = transport.handle_request(request)
  File "/opt/conda/envs/refchecker/lib/python3.10/site-packages/httpx/_transports/default.py", line 232, in handle_request
    with map_httpcore_exceptions():
  File "/opt/conda/envs/refchecker/lib/python3.10/contextlib.py", line 153, in __exit__
    self.gen.throw(typ, value, traceback)
  File "/opt/conda/envs/refchecker/lib/python3.10/site-packages/httpx/_transports/default.py", line 86, in map_httpcore_exceptions
    raise mapped_exc(message) from exc
httpx.ReadError: [Errno 9] Bad file descriptor
 [sleep 10 seconds]
litellm.RateLimitError: BedrockException - {"message":"Too many requests, please wait before trying again. You have sent too many requests.  Wait before trying again."} [sleep 10 seconds]
litellm.RateLimitError: BedrockException - {"message":"Too many requests, please wait before trying again. You have sent too many requests.  Wait before trying again."} [sleep 10 seconds]
litellm.RateLimitError: BedrockException - {"message":"Too many requests, please wait before trying again. You have sent too many requests.  Wait before trying again."} [sleep 10 seconds]
litellm.RateLimitError: BedrockException - {"message":"Too many requests, please wait before trying again. You have sent too many requests.  Wait before trying again."} [sleep 10 seconds]
litellm.RateLimitError: BedrockException - {"message":"Too many requests, please wait before trying again. You have sent too many requests.  Wait before trying again."} [sleep 10 seconds]
litellm.RateLimitError: BedrockException - {"message":"Too many requests, please wait before trying again. You have sent too many requests.  Wait before trying again."} [sleep 10 seconds]
 24%|██▍       | 36/150 [04:49<24:13, 12.75s/it] 25%|██▍       | 37/150 [04:53<19:27, 10.33s/it] 25%|██▌       | 38/150 [04:57<15:38,  8.38s/it] 26%|██▌       | 39/150 [05:00<12:45,  6.89s/it] 27%|██▋       | 40/150 [05:03<10:18,  5.62s/it] 27%|██▋       | 41/150 [05:20<16:06,  8.87s/it] 28%|██▊       | 42/150 [05:23<13:09,  7.31s/it] 29%|██▊       | 43/150 [05:29<12:10,  6.83s/it] 29%|██▉       | 44/150 [05:44<16:16,  9.21s/it] 30%|███       | 45/150 [05:50<14:30,  8.29s/it] 31%|███       | 46/150 [06:07<18:58, 10.95s/it] 31%|███▏      | 47/150 [06:09<14:20,  8.36s/it]litellm.APIConnectionError: [Errno 9] Bad file descriptor
Traceback (most recent call last):
  File "/opt/conda/envs/refchecker/lib/python3.10/site-packages/httpx/_transports/default.py", line 69, in map_httpcore_exceptions
    yield
  File "/opt/conda/envs/refchecker/lib/python3.10/site-packages/httpx/_transports/default.py", line 233, in handle_request
    resp = self._pool.handle_request(req)
  File "/opt/conda/envs/refchecker/lib/python3.10/site-packages/httpcore/_sync/connection_pool.py", line 216, in handle_request
    raise exc from None
  File "/opt/conda/envs/refchecker/lib/python3.10/site-packages/httpcore/_sync/connection_pool.py", line 196, in handle_request
    response = connection.handle_request(
  File "/opt/conda/envs/refchecker/lib/python3.10/site-packages/httpcore/_sync/connection.py", line 101, in handle_request
    return self._connection.handle_request(request)
  File "/opt/conda/envs/refchecker/lib/python3.10/site-packages/httpcore/_sync/http11.py", line 143, in handle_request
    raise exc
  File "/opt/conda/envs/refchecker/lib/python3.10/site-packages/httpcore/_sync/http11.py", line 113, in handle_request
    ) = self._receive_response_headers(**kwargs)
  File "/opt/conda/envs/refchecker/lib/python3.10/site-packages/httpcore/_sync/http11.py", line 186, in _receive_response_headers
    event = self._receive_event(timeout=timeout)
  File "/opt/conda/envs/refchecker/lib/python3.10/site-packages/httpcore/_sync/http11.py", line 224, in _receive_event
    data = self._network_stream.read(
  File "/opt/conda/envs/refchecker/lib/python3.10/site-packages/httpcore/_backends/sync.py", line 124, in read
    with map_exceptions(exc_map):
  File "/opt/conda/envs/refchecker/lib/python3.10/contextlib.py", line 153, in __exit__
    self.gen.throw(typ, value, traceback)
  File "/opt/conda/envs/refchecker/lib/python3.10/site-packages/httpcore/_exceptions.py", line 14, in map_exceptions
    raise to_exc(exc) from exc
httpcore.ReadError: [Errno 9] Bad file descriptor

The above exception was the direct cause of the following exception:

Traceback (most recent call last):
  File "/opt/conda/envs/refchecker/lib/python3.10/site-packages/litellm/main.py", line 2293, in completion
    response = bedrock_chat_completion.completion(
  File "/opt/conda/envs/refchecker/lib/python3.10/site-packages/litellm/llms/bedrock_httpx.py", line 1094, in completion
    response = self.client.post(url=prepped.url, headers=prepped.headers, data=data)  # type: ignore
  File "/opt/conda/envs/refchecker/lib/python3.10/site-packages/litellm/llms/custom_httpx/http_handler.py", line 200, in post
    response = self.client.send(req, stream=stream)
  File "/opt/conda/envs/refchecker/lib/python3.10/site-packages/httpx/_client.py", line 914, in send
    response = self._send_handling_auth(
  File "/opt/conda/envs/refchecker/lib/python3.10/site-packages/httpx/_client.py", line 942, in _send_handling_auth
    response = self._send_handling_redirects(
  File "/opt/conda/envs/refchecker/lib/python3.10/site-packages/httpx/_client.py", line 979, in _send_handling_redirects
    response = self._send_single_request(request)
  File "/opt/conda/envs/refchecker/lib/python3.10/site-packages/httpx/_client.py", line 1015, in _send_single_request
    response = transport.handle_request(request)
  File "/opt/conda/envs/refchecker/lib/python3.10/site-packages/httpx/_transports/default.py", line 232, in handle_request
    with map_httpcore_exceptions():
  File "/opt/conda/envs/refchecker/lib/python3.10/contextlib.py", line 153, in __exit__
    self.gen.throw(typ, value, traceback)
  File "/opt/conda/envs/refchecker/lib/python3.10/site-packages/httpx/_transports/default.py", line 86, in map_httpcore_exceptions
    raise mapped_exc(message) from exc
httpx.ReadError: [Errno 9] Bad file descriptor
 [sleep 10 seconds]
litellm.RateLimitError: BedrockException - {"message":"Too many requests, please wait before trying again. You have sent too many requests.  Wait before trying again."} [sleep 10 seconds]
litellm.RateLimitError: BedrockException - {"message":"Too many requests, please wait before trying again. You have sent too many requests.  Wait before trying again."} [sleep 10 seconds]
litellm.APIConnectionError: [Errno 9] Bad file descriptor
Traceback (most recent call last):
  File "/opt/conda/envs/refchecker/lib/python3.10/site-packages/httpx/_transports/default.py", line 69, in map_httpcore_exceptions
    yield
  File "/opt/conda/envs/refchecker/lib/python3.10/site-packages/httpx/_transports/default.py", line 233, in handle_request
    resp = self._pool.handle_request(req)
  File "/opt/conda/envs/refchecker/lib/python3.10/site-packages/httpcore/_sync/connection_pool.py", line 216, in handle_request
    raise exc from None
  File "/opt/conda/envs/refchecker/lib/python3.10/site-packages/httpcore/_sync/connection_pool.py", line 196, in handle_request
    response = connection.handle_request(
  File "/opt/conda/envs/refchecker/lib/python3.10/site-packages/httpcore/_sync/connection.py", line 101, in handle_request
    return self._connection.handle_request(request)
  File "/opt/conda/envs/refchecker/lib/python3.10/site-packages/httpcore/_sync/http11.py", line 143, in handle_request
    raise exc
  File "/opt/conda/envs/refchecker/lib/python3.10/site-packages/httpcore/_sync/http11.py", line 113, in handle_request
    ) = self._receive_response_headers(**kwargs)
  File "/opt/conda/envs/refchecker/lib/python3.10/site-packages/httpcore/_sync/http11.py", line 186, in _receive_response_headers
    event = self._receive_event(timeout=timeout)
  File "/opt/conda/envs/refchecker/lib/python3.10/site-packages/httpcore/_sync/http11.py", line 224, in _receive_event
    data = self._network_stream.read(
  File "/opt/conda/envs/refchecker/lib/python3.10/site-packages/httpcore/_backends/sync.py", line 124, in read
    with map_exceptions(exc_map):
  File "/opt/conda/envs/refchecker/lib/python3.10/contextlib.py", line 153, in __exit__
    self.gen.throw(typ, value, traceback)
  File "/opt/conda/envs/refchecker/lib/python3.10/site-packages/httpcore/_exceptions.py", line 14, in map_exceptions
    raise to_exc(exc) from exc
httpcore.ReadError: [Errno 9] Bad file descriptor

The above exception was the direct cause of the following exception:

Traceback (most recent call last):
  File "/opt/conda/envs/refchecker/lib/python3.10/site-packages/litellm/main.py", line 2293, in completion
    response = bedrock_chat_completion.completion(
  File "/opt/conda/envs/refchecker/lib/python3.10/site-packages/litellm/llms/bedrock_httpx.py", line 1094, in completion
    response = self.client.post(url=prepped.url, headers=prepped.headers, data=data)  # type: ignore
  File "/opt/conda/envs/refchecker/lib/python3.10/site-packages/litellm/llms/custom_httpx/http_handler.py", line 200, in post
    response = self.client.send(req, stream=stream)
  File "/opt/conda/envs/refchecker/lib/python3.10/site-packages/httpx/_client.py", line 914, in send
    response = self._send_handling_auth(
  File "/opt/conda/envs/refchecker/lib/python3.10/site-packages/httpx/_client.py", line 942, in _send_handling_auth
    response = self._send_handling_redirects(
  File "/opt/conda/envs/refchecker/lib/python3.10/site-packages/httpx/_client.py", line 979, in _send_handling_redirects
    response = self._send_single_request(request)
  File "/opt/conda/envs/refchecker/lib/python3.10/site-packages/httpx/_client.py", line 1015, in _send_single_request
    response = transport.handle_request(request)
  File "/opt/conda/envs/refchecker/lib/python3.10/site-packages/httpx/_transports/default.py", line 232, in handle_request
    with map_httpcore_exceptions():
  File "/opt/conda/envs/refchecker/lib/python3.10/contextlib.py", line 153, in __exit__
    self.gen.throw(typ, value, traceback)
  File "/opt/conda/envs/refchecker/lib/python3.10/site-packages/httpx/_transports/default.py", line 86, in map_httpcore_exceptions
    raise mapped_exc(message) from exc
httpx.ReadError: [Errno 9] Bad file descriptor
 [sleep 10 seconds]
 32%|███▏      | 48/150 [06:26<18:15, 10.74s/it] 33%|███▎      | 49/150 [06:29<14:21,  8.53s/it] 33%|███▎      | 50/150 [06:50<20:32, 12.33s/it] 34%|███▍      | 51/150 [06:55<16:27,  9.98s/it] 35%|███▍      | 52/150 [06:57<12:40,  7.76s/it] 35%|███▌      | 53/150 [07:05<12:26,  7.69s/it] 36%|███▌      | 54/150 [07:22<16:54, 10.57s/it] 37%|███▋      | 55/150 [07:54<26:57, 17.02s/it] 37%|███▋      | 56/150 [08:01<21:50, 13.94s/it] 38%|███▊      | 57/150 [08:03<16:18, 10.52s/it] 39%|███▊      | 58/150 [08:06<12:36,  8.22s/it] 39%|███▉      | 59/150 [08:10<10:18,  6.80s/it] 40%|████      | 60/150 [08:14<08:57,  5.97s/it] 41%|████      | 61/150 [08:17<07:35,  5.12s/it] 41%|████▏     | 62/150 [08:32<12:05,  8.24s/it] 42%|████▏     | 63/150 [08:35<09:28,  6.53s/it] 43%|████▎     | 64/150 [08:49<12:30,  8.73s/it] 43%|████▎     | 65/150 [08:59<12:57,  9.15s/it] 44%|████▍     | 66/150 [09:03<10:27,  7.47s/it] 45%|████▍     | 67/150 [09:16<12:58,  9.38s/it] 45%|████▌     | 68/150 [09:20<10:30,  7.69s/it] 46%|████▌     | 69/150 [09:42<15:59, 11.84s/it] 47%|████▋     | 70/150 [09:46<12:53,  9.67s/it] 47%|████▋     | 71/150 [09:56<12:41,  9.64s/it] 48%|████▊     | 72/150 [09:59<10:04,  7.75s/it] 49%|████▊     | 73/150 [10:14<12:36,  9.83s/it] 49%|████▉     | 74/150 [10:19<10:47,  8.52s/it] 50%|█████     | 75/150 [10:25<09:35,  7.67s/it] 51%|█████     | 76/150 [10:29<07:56,  6.44s/it] 51%|█████▏    | 77/150 [10:45<11:18,  9.29s/it] 52%|█████▏    | 78/150 [10:49<09:24,  7.85s/it] 53%|█████▎    | 79/150 [10:52<07:38,  6.46s/it] 53%|█████▎    | 80/150 [11:08<10:51,  9.30s/it] 54%|█████▍    | 81/150 [11:11<08:34,  7.46s/it] 55%|█████▍    | 82/150 [11:32<12:49, 11.31s/it] 55%|█████▌    | 83/150 [11:41<12:06, 10.85s/it] 56%|█████▌    | 84/150 [11:46<09:50,  8.95s/it] 57%|█████▋    | 85/150 [11:52<08:45,  8.09s/it] 57%|█████▋    | 86/150 [11:56<07:27,  7.00s/it] 58%|█████▊    | 87/150 [12:16<11:18, 10.77s/it] 59%|█████▊    | 88/150 [12:22<09:36,  9.31s/it] 59%|█████▉    | 89/150 [12:28<08:33,  8.42s/it] 60%|██████    | 90/150 [12:46<11:20, 11.35s/it] 61%|██████    | 91/150 [12:51<09:11,  9.34s/it] 61%|██████▏   | 92/150 [12:54<07:14,  7.49s/it] 62%|██████▏   | 93/150 [13:14<10:37, 11.19s/it] 63%|██████▎   | 94/150 [13:31<11:57, 12.81s/it] 63%|██████▎   | 95/150 [13:36<09:47, 10.68s/it] 64%|██████▍   | 96/150 [13:41<07:57,  8.85s/it] 65%|██████▍   | 97/150 [13:44<06:16,  7.11s/it] 65%|██████▌   | 98/150 [13:51<06:09,  7.10s/it] 66%|██████▌   | 99/150 [14:05<07:54,  9.30s/it] 67%|██████▋   | 100/150 [14:21<09:10, 11.02s/it] 67%|██████▋   | 101/150 [14:25<07:20,  8.98s/it] 68%|██████▊   | 102/150 [14:27<05:35,  6.98s/it] 69%|██████▊   | 103/150 [14:30<04:26,  5.68s/it] 69%|██████▉   | 104/150 [14:44<06:25,  8.38s/it] 70%|███████   | 105/150 [14:47<05:03,  6.75s/it] 71%|███████   | 106/150 [15:04<07:09,  9.77s/it] 71%|███████▏  | 107/150 [15:08<05:45,  8.03s/it] 72%|███████▏  | 108/150 [15:18<06:01,  8.61s/it] 73%|███████▎  | 109/150 [15:23<05:12,  7.63s/it] 73%|███████▎  | 110/150 [15:42<07:20, 11.01s/it] 74%|███████▍  | 111/150 [15:56<07:38, 11.76s/it] 75%|███████▍  | 112/150 [16:02<06:25, 10.13s/it] 75%|███████▌  | 113/150 [16:08<05:29,  8.90s/it] 76%|███████▌  | 114/150 [16:11<04:11,  6.99s/it] 77%|███████▋  | 115/150 [16:33<06:45, 11.58s/it] 77%|███████▋  | 116/150 [16:41<05:52, 10.36s/it] 78%|███████▊  | 117/150 [16:43<04:26,  8.08s/it] 79%|███████▊  | 118/150 [16:47<03:39,  6.85s/it] 79%|███████▉  | 119/150 [16:51<02:59,  5.77s/it] 80%|████████  | 120/150 [17:04<04:02,  8.08s/it] 81%|████████  | 121/150 [17:08<03:14,  6.72s/it] 81%|████████▏ | 122/150 [17:21<04:08,  8.87s/it] 82%|████████▏ | 123/150 [17:25<03:14,  7.21s/it] 83%|████████▎ | 124/150 [17:39<04:05,  9.44s/it] 83%|████████▎ | 125/150 [17:43<03:13,  7.73s/it] 84%|████████▍ | 126/150 [17:57<03:48,  9.51s/it] 85%|████████▍ | 127/150 [18:01<03:00,  7.86s/it] 85%|████████▌ | 128/150 [18:23<04:24, 12.04s/it] 86%|████████▌ | 129/150 [18:25<03:14,  9.26s/it] 87%|████████▋ | 130/150 [18:29<02:29,  7.49s/it] 87%|████████▋ | 131/150 [18:34<02:10,  6.84s/it] 88%|████████▊ | 132/150 [18:51<02:56,  9.83s/it] 89%|████████▊ | 133/150 [18:53<02:08,  7.56s/it] 89%|████████▉ | 134/150 [19:10<02:43, 10.23s/it] 90%|█████████ | 135/150 [19:12<02:00,  8.01s/it] 91%|█████████ | 136/150 [19:18<01:41,  7.22s/it] 91%|█████████▏| 137/150 [19:34<02:07,  9.80s/it] 92%|█████████▏| 138/150 [19:37<01:32,  7.74s/it] 93%|█████████▎| 139/150 [19:42<01:17,  7.01s/it] 93%|█████████▎| 140/150 [19:57<01:33,  9.30s/it] 94%|█████████▍| 141/150 [19:59<01:04,  7.12s/it] 95%|█████████▍| 142/150 [20:18<01:26, 10.82s/it] 95%|█████████▌| 143/150 [20:22<01:01,  8.84s/it] 96%|█████████▌| 144/150 [20:36<01:01, 10.17s/it] 97%|█████████▋| 145/150 [20:40<00:42,  8.47s/it] 97%|█████████▋| 146/150 [20:44<00:28,  7.03s/it] 98%|█████████▊| 147/150 [20:57<00:27,  9.06s/it] 99%|█████████▊| 148/150 [21:06<00:17,  8.84s/it] 99%|█████████▉| 149/150 [21:12<00:08,  8.09s/it]100%|██████████| 150/150 [21:15<00:00,  6.42s/it]100%|██████████| 150/150 [21:15<00:00,  8.50s/it]
litellm.RateLimitError: BedrockException - {"message":"Too many requests, please wait before trying again. You have sent too many requests.  Wait before trying again."} [sleep 10 seconds]
litellm.RateLimitError: BedrockException - {"message":"Too many requests, please wait before trying again. You have sent too many requests.  Wait before trying again."} [sleep 10 seconds]
litellm.RateLimitError: BedrockException - {"message":"Too many requests, please wait before trying again. You have sent too many requests.  Wait before trying again."} [sleep 10 seconds]
litellm.Timeout: BedrockException: Timeout Error - {"message":"Model has timed out in processing the request. Try your request again."} [sleep 10 seconds]
litellm.RateLimitError: BedrockException - {"message":"Too many requests, please wait before trying again. You have sent too many requests.  Wait before trying again."} [sleep 10 seconds]
litellm.RateLimitError: BedrockException - {"message":"Too many requests, please wait before trying again. You have sent too many requests.  Wait before trying again."} [sleep 10 seconds]
litellm.RateLimitError: BedrockException - {"message":"Too many requests, please wait before trying again. You have sent too many requests.  Wait before trying again."} [sleep 10 seconds]
litellm.RateLimitError: BedrockException - {"message":"Too many requests, please wait before trying again. You have sent too many requests.  Wait before trying again."} [sleep 10 seconds]
litellm.RateLimitError: BedrockException - {"message":"Too many requests, please wait before trying again. You have sent too many requests.  Wait before trying again."} [sleep 10 seconds]
litellm.RateLimitError: BedrockException - {"message":"Too many requests, please wait before trying again. You have sent too many requests.  Wait before trying again."} [sleep 10 seconds]
litellm.RateLimitError: BedrockException - {"message":"Too many requests, please wait before trying again. You have sent too many requests.  Wait before trying again."} [sleep 10 seconds]
litellm.RateLimitError: BedrockException - {"message":"Too many requests, please wait before trying again. You have sent too many requests.  Wait before trying again."} [sleep 10 seconds]
litellm.RateLimitError: BedrockException - {"message":"Too many requests, please wait before trying again. You have sent too many requests.  Wait before trying again."} [sleep 10 seconds]
litellm.RateLimitError: BedrockException - {"message":"Too many requests, please wait before trying again. You have sent too many requests.  Wait before trying again."} [sleep 10 seconds]
litellm.RateLimitError: BedrockException - {"message":"Too many requests, please wait before trying again. You have sent too many requests.  Wait before trying again."} [sleep 10 seconds]
litellm.RateLimitError: BedrockException - {"message":"Too many requests, please wait before trying again. You have sent too many requests.  Wait before trying again."} [sleep 10 seconds]
litellm.RateLimitError: BedrockException - {"message":"Too many requests, please wait before trying again. You have sent too many requests.  Wait before trying again."} [sleep 10 seconds]
litellm.RateLimitError: BedrockException - {"message":"Too many requests, please wait before trying again. You have sent too many requests.  Wait before trying again."} [sleep 10 seconds]
litellm.RateLimitError: BedrockException - {"message":"Too many requests, please wait before trying again. You have sent too many requests.  Wait before trying again."} [sleep 10 seconds]
litellm.RateLimitError: BedrockException - {"message":"Too many requests, please wait before trying again. You have sent too many requests.  Wait before trying again."} [sleep 10 seconds]
litellm.RateLimitError: BedrockException - {"message":"Too many requests, please wait before trying again. You have sent too many requests.  Wait before trying again."} [sleep 10 seconds]
litellm.RateLimitError: BedrockException - {"message":"Too many requests, please wait before trying again. You have sent too many requests.  Wait before trying again."} [sleep 10 seconds]
litellm.RateLimitError: BedrockException - {"message":"Too many requests, please wait before trying again. You have sent too many requests.  Wait before trying again."} [sleep 10 seconds]
litellm.RateLimitError: BedrockException - {"message":"Too many requests, please wait before trying again. You have sent too many requests.  Wait before trying again."} [sleep 10 seconds]
litellm.RateLimitError: BedrockException - {"message":"Too many requests, please wait before trying again. You have sent too many requests.  Wait before trying again."} [sleep 10 seconds]
litellm.RateLimitError: BedrockException - {"message":"Too many requests, please wait before trying again. You have sent too many requests.  Wait before trying again."} [sleep 10 seconds]
litellm.RateLimitError: BedrockException - {"message":"Too many requests, please wait before trying again. You have sent too many requests.  Wait before trying again."} [sleep 10 seconds]
litellm.RateLimitError: BedrockException - {"message":"Too many requests, please wait before trying again. You have sent too many requests.  Wait before trying again."} [sleep 10 seconds]
litellm.RateLimitError: BedrockException - {"message":"Too many requests, please wait before trying again. You have sent too many requests.  Wait before trying again."} [sleep 10 seconds]
litellm.RateLimitError: BedrockException - {"message":"Too many requests, please wait before trying again. You have sent too many requests.  Wait before trying again."} [sleep 10 seconds]
time:  1275.3078498840332
  0%|          | 0/111 [00:00<?, ?it/s]  1%|          | 1/111 [00:16<29:25, 16.05s/it]  2%|▏         | 2/111 [00:18<14:16,  7.86s/it]  3%|▎         | 3/111 [00:26<14:48,  8.23s/it]  4%|▎         | 4/111 [00:28<10:21,  5.81s/it]  5%|▍         | 5/111 [00:43<15:51,  8.98s/it]  5%|▌         | 6/111 [00:46<11:53,  6.80s/it]  6%|▋         | 7/111 [01:01<16:45,  9.67s/it]  7%|▋         | 8/111 [01:04<12:47,  7.45s/it]  8%|▊         | 9/111 [01:11<12:42,  7.47s/it]  9%|▉         | 10/111 [01:18<12:21,  7.34s/it] 10%|▉         | 11/111 [01:21<09:46,  5.86s/it] 11%|█         | 12/111 [01:36<14:10,  8.59s/it] 12%|█▏        | 13/111 [01:38<10:54,  6.68s/it] 13%|█▎        | 14/111 [02:01<18:30, 11.44s/it] 14%|█▎        | 15/111 [02:06<15:15,  9.54s/it] 14%|█▍        | 16/111 [02:09<12:07,  7.66s/it] 15%|█▌        | 17/111 [02:14<10:44,  6.86s/it] 16%|█▌        | 18/111 [02:18<09:06,  5.88s/it] 17%|█▋        | 19/111 [02:37<15:13,  9.92s/it] 18%|█▊        | 20/111 [02:40<11:47,  7.78s/it] 19%|█▉        | 21/111 [02:43<09:38,  6.43s/it] 20%|█▉        | 22/111 [03:00<14:16,  9.62s/it] 21%|██        | 23/111 [03:06<12:32,  8.56s/it] 22%|██▏       | 24/111 [03:11<10:37,  7.32s/it] 23%|██▎       | 25/111 [03:14<08:56,  6.23s/it] 23%|██▎       | 26/111 [03:28<12:07,  8.56s/it] 24%|██▍       | 27/111 [03:31<09:45,  6.96s/it] 25%|██▌       | 28/111 [03:35<08:20,  6.03s/it] 26%|██▌       | 29/111 [03:54<13:23,  9.79s/it] 27%|██▋       | 30/111 [03:58<10:53,  8.07s/it] 28%|██▊       | 31/111 [04:04<09:47,  7.35s/it] 29%|██▉       | 32/111 [04:07<08:07,  6.17s/it] 30%|██▉       | 33/111 [04:26<13:02, 10.03s/it] 31%|███       | 34/111 [04:31<10:53,  8.49s/it] 32%|███▏      | 35/111 [04:37<09:46,  7.72s/it] 32%|███▏      | 36/111 [04:41<08:12,  6.56s/it] 33%|███▎      | 37/111 [04:43<06:32,  5.31s/it] 34%|███▍      | 38/111 [04:57<09:24,  7.74s/it] 35%|███▌      | 39/111 [04:59<07:17,  6.08s/it] 36%|███▌      | 40/111 [05:13<10:15,  8.67s/it] 37%|███▋      | 41/111 [05:16<07:57,  6.83s/it] 38%|███▊      | 42/111 [05:18<06:18,  5.48s/it] 39%|███▊      | 43/111 [05:34<09:33,  8.44s/it] 40%|███▉      | 44/111 [05:37<07:39,  6.86s/it] 41%|████      | 45/111 [05:54<10:47,  9.81s/it] 41%|████▏     | 46/111 [06:03<10:39,  9.84s/it] 42%|████▏     | 47/111 [06:10<09:32,  8.95s/it] 43%|████▎     | 48/111 [06:19<09:24,  8.96s/it] 44%|████▍     | 49/111 [06:22<07:21,  7.12s/it] 45%|████▌     | 50/111 [06:29<07:02,  6.93s/it] 46%|████▌     | 51/111 [06:31<05:33,  5.56s/it] 47%|████▋     | 52/111 [06:50<09:35,  9.75s/it] 48%|████▊     | 53/111 [06:55<07:51,  8.14s/it] 49%|████▊     | 54/111 [06:58<06:19,  6.66s/it] 50%|████▉     | 55/111 [07:19<10:09, 10.88s/it] 50%|█████     | 56/111 [07:21<07:37,  8.31s/it] 51%|█████▏    | 57/111 [07:26<06:30,  7.22s/it] 52%|█████▏    | 58/111 [07:30<05:42,  6.46s/it] 53%|█████▎    | 59/111 [07:44<07:24,  8.55s/it] 54%|█████▍    | 60/111 [07:51<06:59,  8.23s/it] 55%|█████▍    | 61/111 [07:58<06:23,  7.68s/it] 56%|█████▌    | 62/111 [08:04<05:55,  7.25s/it] 57%|█████▋    | 63/111 [08:11<05:43,  7.16s/it] 58%|█████▊    | 64/111 [08:27<07:48,  9.97s/it] 59%|█████▊    | 65/111 [08:32<06:23,  8.33s/it] 59%|█████▉    | 66/111 [08:38<05:48,  7.74s/it] 60%|██████    | 67/111 [08:41<04:28,  6.11s/it] 61%|██████▏   | 68/111 [08:44<03:50,  5.36s/it] 62%|██████▏   | 69/111 [08:58<05:29,  7.85s/it] 63%|██████▎   | 70/111 [09:06<05:20,  7.82s/it] 64%|██████▍   | 71/111 [09:11<04:37,  6.93s/it] 65%|██████▍   | 72/111 [09:36<08:02, 12.38s/it] 66%|██████▌   | 73/111 [09:38<05:52,  9.29s/it] 67%|██████▋   | 74/111 [09:41<04:37,  7.50s/it] 68%|██████▊   | 75/111 [09:45<03:48,  6.36s/it] 68%|██████▊   | 76/111 [09:49<03:18,  5.68s/it] 69%|██████▉   | 77/111 [10:03<04:43,  8.34s/it] 70%|███████   | 78/111 [10:08<03:58,  7.23s/it] 71%|███████   | 79/111 [10:14<03:40,  6.90s/it] 72%|███████▏  | 80/111 [10:22<03:44,  7.24s/it] 73%|███████▎  | 81/111 [10:25<02:53,  5.78s/it] 74%|███████▍  | 82/111 [10:38<03:51,  7.99s/it] 75%|███████▍  | 83/111 [10:42<03:11,  6.85s/it] 76%|███████▌  | 84/111 [10:58<04:18,  9.59s/it] 77%|███████▋  | 85/111 [11:01<03:17,  7.60s/it] 77%|███████▋  | 86/111 [11:07<02:57,  7.08s/it] 78%|███████▊  | 87/111 [11:11<02:28,  6.19s/it] 79%|███████▉  | 88/111 [11:29<03:43,  9.72s/it] 80%|████████  | 89/111 [11:31<02:46,  7.56s/it] 81%|████████  | 90/111 [11:35<02:12,  6.30s/it] 82%|████████▏ | 91/111 [11:52<03:13,  9.68s/it] 83%|████████▎ | 92/111 [11:55<02:24,  7.59s/it] 84%|████████▍ | 93/111 [12:12<03:07, 10.43s/it] 85%|████████▍ | 94/111 [12:18<02:32,  8.97s/it] 86%|████████▌ | 95/111 [12:20<01:50,  6.93s/it] 86%|████████▋ | 96/111 [12:30<01:58,  7.91s/it] 87%|████████▋ | 97/111 [12:35<01:37,  6.96s/it] 88%|████████▊ | 98/111 [12:37<01:12,  5.61s/it] 89%|████████▉ | 99/111 [12:50<01:34,  7.90s/it] 90%|█████████ | 100/111 [12:53<01:08,  6.19s/it] 91%|█████████ | 101/111 [13:06<01:24,  8.40s/it] 92%|█████████▏| 102/111 [13:10<01:03,  7.08s/it] 93%|█████████▎| 103/111 [13:21<01:04,  8.10s/it] 94%|█████████▎| 104/111 [13:46<01:33, 13.41s/it] 95%|█████████▍| 105/111 [13:51<01:05, 10.90s/it] 95%|█████████▌| 106/111 [13:56<00:45,  9.12s/it] 96%|█████████▋| 107/111 [14:00<00:29,  7.45s/it] 97%|█████████▋| 108/111 [14:07<00:21,  7.24s/it] 98%|█████████▊| 109/111 [14:12<00:13,  6.73s/it] 99%|█████████▉| 110/111 [14:18<00:06,  6.39s/it]100%|██████████| 111/111 [14:20<00:00,  5.20s/it]100%|██████████| 111/111 [14:20<00:00,  7.75s/it]
litellm.RateLimitError: BedrockException - {"message":"Too many requests, please wait before trying again. You have sent too many requests.  Wait before trying again."} [sleep 10 seconds]
litellm.RateLimitError: BedrockException - {"message":"Too many requests, please wait before trying again. You have sent too many requests.  Wait before trying again."} [sleep 10 seconds]
litellm.RateLimitError: BedrockException - {"message":"Too many requests, please wait before trying again. You have sent too many requests.  Wait before trying again."} [sleep 10 seconds]
litellm.RateLimitError: BedrockException - {"message":"Too many requests, please wait before trying again. You have sent too many requests.  Wait before trying again."} [sleep 10 seconds]
litellm.RateLimitError: BedrockException - {"message":"Too many requests, please wait before trying again. You have sent too many requests.  Wait before trying again."} [sleep 10 seconds]
litellm.RateLimitError: BedrockException - {"message":"Too many requests, please wait before trying again. You have sent too many requests.  Wait before trying again."} [sleep 10 seconds]
litellm.RateLimitError: BedrockException - {"message":"Too many requests, please wait before trying again. You have sent too many requests.  Wait before trying again."} [sleep 10 seconds]
litellm.RateLimitError: BedrockException - {"message":"Too many requests, please wait before trying again. You have sent too many requests.  Wait before trying again."} [sleep 10 seconds]
litellm.RateLimitError: BedrockException - {"message":"Too many requests, please wait before trying again. You have sent too many requests.  Wait before trying again."} [sleep 10 seconds]
litellm.RateLimitError: BedrockException - {"message":"Too many requests, please wait before trying again. You have sent too many requests.  Wait before trying again."} [sleep 10 seconds]
litellm.RateLimitError: BedrockException - {"message":"Too many requests, please wait before trying again. You have sent too many requests.  Wait before trying again."} [sleep 10 seconds]
litellm.RateLimitError: BedrockException - {"message":"Too many requests, please wait before trying again. You have sent too many requests.  Wait before trying again."} [sleep 10 seconds]
litellm.RateLimitError: BedrockException - {"message":"Too many requests, please wait before trying again. You have sent too many requests.  Wait before trying again."} [sleep 10 seconds]
litellm.RateLimitError: BedrockException - {"message":"Too many requests, please wait before trying again. You have sent too many requests.  Wait before trying again."} [sleep 10 seconds]
litellm.RateLimitError: BedrockException - {"message":"Too many requests, please wait before trying again. You have sent too many requests.  Wait before trying again."} [sleep 10 seconds]
litellm.RateLimitError: BedrockException - {"message":"Too many requests, please wait before trying again. You have sent too many requests.  Wait before trying again."} [sleep 10 seconds]
litellm.RateLimitError: BedrockException - {"message":"Too many requests, please wait before trying again. You have sent too many requests.  Wait before trying again."} [sleep 10 seconds]
litellm.RateLimitError: BedrockException - {"message":"Too many requests, please wait before trying again. You have sent too many requests.  Wait before trying again."} [sleep 10 seconds]
litellm.RateLimitError: BedrockException - {"message":"Too many requests, please wait before trying again. You have sent too many requests.  Wait before trying again."} [sleep 10 seconds]
litellm.RateLimitError: BedrockException - {"message":"Too many requests, please wait before trying again. You have sent too many requests.  Wait before trying again."} [sleep 10 seconds]
litellm.RateLimitError: BedrockException - {"message":"Too many requests, please wait before trying again. You have sent too many requests.  Wait before trying again."} [sleep 10 seconds]
litellm.RateLimitError: BedrockException - {"message":"Too many requests, please wait before trying again. You have sent too many requests.  Wait before trying again."} [sleep 10 seconds]
litellm.RateLimitError: BedrockException - {"message":"Too many requests, please wait before trying again. You have sent too many requests.  Wait before trying again."} [sleep 10 seconds]
litellm.RateLimitError: BedrockException - {"message":"Too many requests, please wait before trying again. You have sent too many requests.  Wait before trying again."} [sleep 10 seconds]
litellm.RateLimitError: BedrockException - {"message":"Too many requests, please wait before trying again. You have sent too many requests.  Wait before trying again."} [sleep 10 seconds]
litellm.RateLimitError: BedrockException - {"message":"Too many requests, please wait before trying again. You have sent too many requests.  Wait before trying again."} [sleep 10 seconds]
litellm.RateLimitError: BedrockException - {"message":"Too many requests, please wait before trying again. You have sent too many requests.  Wait before trying again."} [sleep 10 seconds]
time:  860.8772311210632
  0%|          | 0/123 [00:00<?, ?it/s]  1%|          | 1/123 [00:10<21:29, 10.57s/it]  2%|▏         | 2/123 [00:13<12:15,  6.08s/it]  2%|▏         | 3/123 [00:17<10:24,  5.20s/it]  3%|▎         | 4/123 [00:34<19:13,  9.70s/it]  4%|▍         | 5/123 [00:38<15:02,  7.65s/it]  5%|▍         | 6/123 [00:42<12:43,  6.53s/it]  6%|▌         | 7/123 [00:49<12:41,  6.57s/it]  7%|▋         | 8/123 [01:11<22:07, 11.55s/it]  7%|▋         | 9/123 [01:14<16:50,  8.86s/it]  8%|▊         | 10/123 [01:18<13:36,  7.23s/it]  9%|▉         | 11/123 [01:24<13:18,  7.13s/it] 10%|▉         | 12/123 [01:29<11:42,  6.33s/it] 11%|█         | 13/123 [01:49<19:17, 10.53s/it] 11%|█▏        | 14/123 [01:54<16:06,  8.87s/it] 12%|█▏        | 15/123 [01:58<13:30,  7.51s/it] 13%|█▎        | 16/123 [02:04<12:30,  7.01s/it] 14%|█▍        | 17/123 [02:18<15:56,  9.03s/it] 15%|█▍        | 18/123 [02:21<12:24,  7.09s/it] 15%|█▌        | 19/123 [02:37<17:17,  9.97s/it] 16%|█▋        | 20/123 [02:41<14:00,  8.16s/it] 17%|█▋        | 21/123 [02:57<17:37, 10.37s/it] 18%|█▊        | 22/123 [03:02<15:02,  8.94s/it] 19%|█▊        | 23/123 [03:07<12:45,  7.65s/it] 20%|█▉        | 24/123 [03:10<10:28,  6.35s/it] 20%|██        | 25/123 [03:25<14:16,  8.74s/it] 21%|██        | 26/123 [03:31<12:51,  7.95s/it] 22%|██▏       | 27/123 [03:33<09:54,  6.19s/it] 23%|██▎       | 28/123 [03:48<14:03,  8.88s/it] 24%|██▎       | 29/123 [03:59<14:46,  9.44s/it] 24%|██▍       | 30/123 [04:07<14:08,  9.12s/it] 25%|██▌       | 31/123 [04:12<11:48,  7.70s/it] 26%|██▌       | 32/123 [04:14<09:20,  6.16s/it] 27%|██▋       | 33/123 [04:17<07:57,  5.30s/it] 28%|██▊       | 34/123 [04:35<13:16,  8.95s/it] 28%|██▊       | 35/123 [04:38<10:45,  7.33s/it] 29%|██▉       | 36/123 [04:41<08:42,  6.01s/it] 30%|███       | 37/123 [05:02<14:43, 10.28s/it] 31%|███       | 38/123 [05:04<11:08,  7.87s/it] 32%|███▏      | 39/123 [05:06<08:31,  6.09s/it] 33%|███▎      | 40/123 [05:10<07:30,  5.43s/it] 33%|███▎      | 41/123 [05:23<10:50,  7.93s/it] 34%|███▍      | 42/123 [05:26<08:33,  6.33s/it] 35%|███▍      | 43/123 [05:40<11:20,  8.51s/it] 36%|███▌      | 44/123 [05:48<11:01,  8.37s/it] 37%|███▋      | 45/123 [05:52<09:13,  7.10s/it] 37%|███▋      | 46/123 [05:55<07:35,  5.92s/it] 38%|███▊      | 47/123 [06:10<10:59,  8.67s/it] 39%|███▉      | 48/123 [06:14<09:01,  7.22s/it] 40%|███▉      | 49/123 [06:17<07:17,  5.91s/it] 41%|████      | 50/123 [06:34<11:29,  9.45s/it] 41%|████▏     | 51/123 [06:40<10:06,  8.43s/it] 42%|████▏     | 52/123 [06:47<09:12,  7.79s/it] 43%|████▎     | 53/123 [06:49<07:16,  6.23s/it] 44%|████▍     | 54/123 [07:04<10:04,  8.76s/it] 45%|████▍     | 55/123 [07:08<08:26,  7.45s/it] 46%|████▌     | 56/123 [07:27<12:02, 10.79s/it] 46%|████▋     | 57/123 [07:30<09:18,  8.47s/it] 47%|████▋     | 58/123 [07:34<07:38,  7.05s/it] 48%|████▊     | 59/123 [07:47<09:38,  9.03s/it] 49%|████▉     | 60/123 [07:49<07:16,  6.93s/it] 50%|████▉     | 61/123 [08:05<09:41,  9.38s/it] 50%|█████     | 62/123 [08:10<08:28,  8.34s/it] 51%|█████     | 63/123 [08:13<06:37,  6.62s/it] 52%|█████▏    | 64/123 [08:27<08:33,  8.70s/it] 53%|█████▎    | 65/123 [08:29<06:39,  6.88s/it] 54%|█████▎    | 66/123 [08:49<10:14, 10.78s/it] 54%|█████▍    | 67/123 [08:54<08:28,  9.08s/it] 55%|█████▌    | 68/123 [08:56<06:25,  7.02s/it] 56%|█████▌    | 69/123 [09:00<05:29,  6.10s/it] 57%|█████▋    | 70/123 [09:19<08:34,  9.70s/it] 58%|█████▊    | 71/123 [09:21<06:30,  7.51s/it] 59%|█████▊    | 72/123 [09:26<05:40,  6.68s/it] 59%|█████▉    | 73/123 [09:41<07:42,  9.25s/it] 60%|██████    | 74/123 [09:46<06:26,  7.88s/it] 61%|██████    | 75/123 [09:53<06:05,  7.61s/it] 62%|██████▏   | 76/123 [09:57<05:05,  6.50s/it] 63%|██████▎   | 77/123 [10:10<06:35,  8.60s/it] 63%|██████▎   | 78/123 [10:15<05:44,  7.65s/it] 64%|██████▍   | 79/123 [10:20<04:51,  6.63s/it] 65%|██████▌   | 80/123 [10:35<06:42,  9.35s/it] 66%|██████▌   | 81/123 [10:38<05:06,  7.30s/it] 67%|██████▋   | 82/123 [10:40<03:57,  5.78s/it] 67%|██████▋   | 83/123 [10:56<05:46,  8.65s/it] 68%|██████▊   | 84/123 [11:06<06:03,  9.33s/it] 69%|██████▉   | 85/123 [11:12<05:07,  8.10s/it] 70%|██████▉   | 86/123 [11:16<04:16,  6.94s/it] 71%|███████   | 87/123 [11:33<05:55,  9.86s/it] 72%|███████▏  | 88/123 [11:36<04:42,  8.06s/it] 72%|███████▏  | 89/123 [11:42<04:06,  7.26s/it] 73%|███████▎  | 90/123 [12:00<05:44, 10.43s/it]litellm.RateLimitError: BedrockException - {"message":"Too many requests, please wait before trying again. You have sent too many requests.  Wait before trying again."} [sleep 10 seconds]
litellm.RateLimitError: BedrockException - {"message":"Too many requests, please wait before trying again. You have sent too many requests.  Wait before trying again."} [sleep 10 seconds]
litellm.RateLimitError: BedrockException - {"message":"Too many requests, please wait before trying again. You have sent too many requests.  Wait before trying again."} [sleep 10 seconds]
litellm.RateLimitError: BedrockException - {"message":"Too many requests, please wait before trying again. You have sent too many requests.  Wait before trying again."} [sleep 10 seconds]
litellm.RateLimitError: BedrockException - {"message":"Too many requests, please wait before trying again. You have sent too many requests.  Wait before trying again."} [sleep 10 seconds]
litellm.RateLimitError: BedrockException - {"message":"Too many requests, please wait before trying again. You have sent too many requests.  Wait before trying again."} [sleep 10 seconds]
litellm.RateLimitError: BedrockException - {"message":"Too many requests, please wait before trying again. You have sent too many requests.  Wait before trying again."} [sleep 10 seconds]
litellm.RateLimitError: BedrockException - {"message":"Too many requests, please wait before trying again. You have sent too many requests.  Wait before trying again."} [sleep 10 seconds]
litellm.RateLimitError: BedrockException - {"message":"Too many requests, please wait before trying again. You have sent too many requests.  Wait before trying again."} [sleep 10 seconds]
litellm.RateLimitError: BedrockException - {"message":"Too many requests, please wait before trying again. You have sent too many requests.  Wait before trying again."} [sleep 10 seconds]
litellm.RateLimitError: BedrockException - {"message":"Too many requests, please wait before trying again. You have sent too many requests.  Wait before trying again."} [sleep 10 seconds]
litellm.RateLimitError: BedrockException - {"message":"Too many requests, please wait before trying again. You have sent too many requests.  Wait before trying again."} [sleep 10 seconds]
litellm.RateLimitError: BedrockException - {"message":"Too many requests, please wait before trying again. You have sent too many requests.  Wait before trying again."} [sleep 10 seconds]
litellm.RateLimitError: BedrockException - {"message":"Too many requests, please wait before trying again. You have sent too many requests.  Wait before trying again."} [sleep 10 seconds]
litellm.RateLimitError: BedrockException - {"message":"Too many requests, please wait before trying again. You have sent too many requests.  Wait before trying again."} [sleep 10 seconds]
litellm.RateLimitError: BedrockException - {"message":"Too many requests, please wait before trying again. You have sent too many requests.  Wait before trying again."} [sleep 10 seconds]
litellm.RateLimitError: BedrockException - {"message":"Too many requests, please wait before trying again. You have sent too many requests.  Wait before trying again."} [sleep 10 seconds]
litellm.RateLimitError: BedrockException - {"message":"Too many requests, please wait before trying again. You have sent too many requests.  Wait before trying again."} [sleep 10 seconds]
litellm.RateLimitError: BedrockException - {"message":"Too many requests, please wait before trying again. You have sent too many requests.  Wait before trying again."} [sleep 10 seconds]
litellm.RateLimitError: BedrockException - {"message":"Too many requests, please wait before trying again. You have sent too many requests.  Wait before trying again."} [sleep 10 seconds]
litellm.RateLimitError: BedrockException - {"message":"Too many requests, please wait before trying again. You have sent too many requests.  Wait before trying again."} [sleep 10 seconds]
litellm.RateLimitError: BedrockException - {"message":"Too many requests, please wait before trying again. You have sent too many requests.  Wait before trying again."} [sleep 10 seconds]
litellm.RateLimitError: BedrockException - {"message":"Too many requests, please wait before trying again. You have sent too many requests.  Wait before trying again."} [sleep 10 seconds]
litellm.RateLimitError: BedrockException - {"message":"Too many requests, please wait before trying again. You have sent too many requests.  Wait before trying again."} [sleep 10 seconds]
litellm.RateLimitError: BedrockException - {"message":"Too many requests, please wait before trying again. You have sent too many requests.  Wait before trying again."} [sleep 10 seconds]
litellm.RateLimitError: BedrockException - {"message":"Too many requests, please wait before trying again. You have sent too many requests.  Wait before trying again."} [sleep 10 seconds]
litellm.RateLimitError: BedrockException - {"message":"Too many requests, please wait before trying again. You have sent too many requests.  Wait before trying again."} [sleep 10 seconds]
 74%|███████▍  | 91/123 [12:22<07:29, 14.05s/it] 75%|███████▍  | 92/123 [12:25<05:31, 10.69s/it] 76%|███████▌  | 93/123 [12:27<04:01,  8.05s/it] 76%|███████▋  | 94/123 [12:33<03:39,  7.56s/it] 77%|███████▋  | 95/123 [12:38<03:05,  6.62s/it] 78%|███████▊  | 96/123 [12:52<04:04,  9.04s/it] 79%|███████▉  | 97/123 [12:57<03:19,  7.66s/it] 80%|███████▉  | 98/123 [13:12<04:07,  9.90s/it] 80%|████████  | 99/123 [13:15<03:05,  7.73s/it] 81%|████████▏ | 100/123 [13:32<04:06, 10.70s/it] 82%|████████▏ | 101/123 [13:36<03:09,  8.59s/it] 83%|████████▎ | 102/123 [13:53<03:50, 11.00s/it] 84%|████████▎ | 103/123 [13:56<02:57,  8.88s/it] 85%|████████▍ | 104/123 [14:00<02:18,  7.27s/it] 85%|████████▌ | 105/123 [14:19<03:14, 10.81s/it] 86%|████████▌ | 106/123 [14:22<02:22,  8.40s/it] 87%|████████▋ | 107/123 [14:25<01:47,  6.71s/it] 88%|████████▊ | 108/123 [14:44<02:36, 10.43s/it] 89%|████████▊ | 109/123 [14:46<01:52,  8.05s/it] 89%|████████▉ | 110/123 [14:49<01:23,  6.44s/it] 90%|█████████ | 111/123 [15:03<01:43,  8.61s/it] 91%|█████████ | 112/123 [15:10<01:31,  8.32s/it] 92%|█████████▏| 113/123 [15:13<01:07,  6.75s/it] 93%|█████████▎| 114/123 [15:29<01:24,  9.39s/it] 93%|█████████▎| 115/123 [15:32<01:00,  7.58s/it] 94%|█████████▍| 116/123 [15:38<00:48,  6.98s/it] 95%|█████████▌| 117/123 [15:58<01:05, 10.96s/it] 96%|█████████▌| 118/123 [16:04<00:46,  9.37s/it] 97%|█████████▋| 119/123 [16:11<00:34,  8.73s/it] 98%|█████████▊| 120/123 [16:15<00:22,  7.37s/it] 98%|█████████▊| 121/123 [16:22<00:14,  7.24s/it] 99%|█████████▉| 122/123 [16:24<00:05,  5.76s/it]100%|██████████| 123/123 [16:38<00:00,  8.09s/it]100%|██████████| 123/123 [16:38<00:00,  8.12s/it]
litellm.APIConnectionError: [Errno 9] Bad file descriptor
Traceback (most recent call last):
  File "/opt/conda/envs/refchecker/lib/python3.10/site-packages/httpx/_transports/default.py", line 69, in map_httpcore_exceptions
    yield
  File "/opt/conda/envs/refchecker/lib/python3.10/site-packages/httpx/_transports/default.py", line 233, in handle_request
    resp = self._pool.handle_request(req)
  File "/opt/conda/envs/refchecker/lib/python3.10/site-packages/httpcore/_sync/connection_pool.py", line 216, in handle_request
    raise exc from None
  File "/opt/conda/envs/refchecker/lib/python3.10/site-packages/httpcore/_sync/connection_pool.py", line 196, in handle_request
    response = connection.handle_request(
  File "/opt/conda/envs/refchecker/lib/python3.10/site-packages/httpcore/_sync/connection.py", line 101, in handle_request
    return self._connection.handle_request(request)
  File "/opt/conda/envs/refchecker/lib/python3.10/site-packages/httpcore/_sync/http11.py", line 143, in handle_request
    raise exc
  File "/opt/conda/envs/refchecker/lib/python3.10/site-packages/httpcore/_sync/http11.py", line 113, in handle_request
    ) = self._receive_response_headers(**kwargs)
  File "/opt/conda/envs/refchecker/lib/python3.10/site-packages/httpcore/_sync/http11.py", line 186, in _receive_response_headers
    event = self._receive_event(timeout=timeout)
  File "/opt/conda/envs/refchecker/lib/python3.10/site-packages/httpcore/_sync/http11.py", line 224, in _receive_event
    data = self._network_stream.read(
  File "/opt/conda/envs/refchecker/lib/python3.10/site-packages/httpcore/_backends/sync.py", line 124, in read
    with map_exceptions(exc_map):
  File "/opt/conda/envs/refchecker/lib/python3.10/contextlib.py", line 153, in __exit__
    self.gen.throw(typ, value, traceback)
  File "/opt/conda/envs/refchecker/lib/python3.10/site-packages/httpcore/_exceptions.py", line 14, in map_exceptions
    raise to_exc(exc) from exc
httpcore.ReadError: [Errno 9] Bad file descriptor

The above exception was the direct cause of the following exception:

Traceback (most recent call last):
  File "/opt/conda/envs/refchecker/lib/python3.10/site-packages/litellm/main.py", line 2293, in completion
    response = bedrock_chat_completion.completion(
  File "/opt/conda/envs/refchecker/lib/python3.10/site-packages/litellm/llms/bedrock_httpx.py", line 1094, in completion
    response = self.client.post(url=prepped.url, headers=prepped.headers, data=data)  # type: ignore
  File "/opt/conda/envs/refchecker/lib/python3.10/site-packages/litellm/llms/custom_httpx/http_handler.py", line 200, in post
    response = self.client.send(req, stream=stream)
  File "/opt/conda/envs/refchecker/lib/python3.10/site-packages/httpx/_client.py", line 914, in send
    response = self._send_handling_auth(
  File "/opt/conda/envs/refchecker/lib/python3.10/site-packages/httpx/_client.py", line 942, in _send_handling_auth
    response = self._send_handling_redirects(
  File "/opt/conda/envs/refchecker/lib/python3.10/site-packages/httpx/_client.py", line 979, in _send_handling_redirects
    response = self._send_single_request(request)
  File "/opt/conda/envs/refchecker/lib/python3.10/site-packages/httpx/_client.py", line 1015, in _send_single_request
    response = transport.handle_request(request)
  File "/opt/conda/envs/refchecker/lib/python3.10/site-packages/httpx/_transports/default.py", line 232, in handle_request
    with map_httpcore_exceptions():
  File "/opt/conda/envs/refchecker/lib/python3.10/contextlib.py", line 153, in __exit__
    self.gen.throw(typ, value, traceback)
  File "/opt/conda/envs/refchecker/lib/python3.10/site-packages/httpx/_transports/default.py", line 86, in map_httpcore_exceptions
    raise mapped_exc(message) from exc
httpx.ReadError: [Errno 9] Bad file descriptor
 [sleep 10 seconds]
litellm.RateLimitError: BedrockException - {"message":"Too many requests, please wait before trying again. You have sent too many requests.  Wait before trying again."} [sleep 10 seconds]
litellm.RateLimitError: BedrockException - {"message":"Too many requests, please wait before trying again. You have sent too many requests.  Wait before trying again."} [sleep 10 seconds]
litellm.RateLimitError: BedrockException - {"message":"Too many requests, please wait before trying again. You have sent too many requests.  Wait before trying again."} [sleep 10 seconds]
litellm.RateLimitError: BedrockException - {"message":"Too many requests, please wait before trying again. You have sent too many requests.  Wait before trying again."} [sleep 10 seconds]
litellm.RateLimitError: BedrockException - {"message":"Too many requests, please wait before trying again. You have sent too many requests.  Wait before trying again."} [sleep 10 seconds]
litellm.RateLimitError: BedrockException - {"message":"Too many requests, please wait before trying again. You have sent too many requests.  Wait before trying again."} [sleep 10 seconds]
litellm.RateLimitError: BedrockException - {"message":"Too many requests, please wait before trying again. You have sent too many requests.  Wait before trying again."} [sleep 10 seconds]
litellm.RateLimitError: BedrockException - {"message":"Too many requests, please wait before trying again. You have sent too many requests.  Wait before trying again."} [sleep 10 seconds]
litellm.RateLimitError: BedrockException - {"message":"Too many requests, please wait before trying again. You have sent too many requests.  Wait before trying again."} [sleep 10 seconds]
litellm.RateLimitError: BedrockException - {"message":"Too many requests, please wait before trying again. You have sent too many requests.  Wait before trying again."} [sleep 10 seconds]
time:  998.5344061851501
  0%|          | 0/132 [00:00<?, ?it/s]  1%|          | 1/132 [00:02<06:30,  2.98s/it]  2%|▏         | 2/132 [00:19<24:13, 11.18s/it]  2%|▏         | 3/132 [00:23<16:24,  7.63s/it]  3%|▎         | 4/132 [00:28<13:51,  6.49s/it]  4%|▍         | 5/132 [00:31<11:23,  5.39s/it]  5%|▍         | 6/132 [00:46<18:15,  8.69s/it]  5%|▌         | 7/132 [00:59<20:50, 10.01s/it]  6%|▌         | 8/132 [01:02<16:12,  7.84s/it]  7%|▋         | 9/132 [01:05<12:53,  6.29s/it]  8%|▊         | 10/132 [01:12<13:08,  6.46s/it]  8%|▊         | 11/132 [01:17<12:28,  6.18s/it]  9%|▉         | 12/132 [01:36<20:08, 10.07s/it] 10%|▉         | 13/132 [01:40<16:16,  8.20s/it] 11%|█         | 14/132 [01:45<14:12,  7.23s/it] 11%|█▏        | 15/132 [01:48<11:41,  5.99s/it] 12%|█▏        | 16/132 [02:03<16:24,  8.48s/it] 13%|█▎        | 17/132 [02:08<14:29,  7.56s/it] 14%|█▎        | 18/132 [02:12<12:28,  6.56s/it] 14%|█▍        | 19/132 [02:31<19:03, 10.12s/it] 15%|█▌        | 20/132 [02:33<14:43,  7.88s/it] 16%|█▌        | 21/132 [02:40<14:08,  7.64s/it] 17%|█▋        | 22/132 [02:45<12:22,  6.75s/it] 17%|█▋        | 23/132 [02:51<11:37,  6.40s/it] 18%|█▊        | 24/132 [02:58<11:54,  6.61s/it] 19%|█▉        | 25/132 [03:15<17:25,  9.78s/it] 20%|█▉        | 26/132 [03:19<14:29,  8.20s/it] 20%|██        | 27/132 [03:22<11:10,  6.39s/it] 21%|██        | 28/132 [03:36<15:08,  8.73s/it] 22%|██▏       | 29/132 [03:41<13:10,  7.67s/it] 23%|██▎       | 30/132 [03:45<11:00,  6.48s/it] 23%|██▎       | 31/132 [03:58<14:23,  8.55s/it] 24%|██▍       | 32/132 [04:00<11:06,  6.67s/it] 25%|██▌       | 33/132 [04:08<11:31,  6.98s/it] 26%|██▌       | 34/132 [04:12<10:00,  6.12s/it] 27%|██▋       | 35/132 [04:29<15:01,  9.29s/it] 27%|██▋       | 36/132 [04:40<15:58,  9.98s/it] 28%|██▊       | 37/132 [04:43<12:13,  7.72s/it] 29%|██▉       | 38/132 [04:47<10:25,  6.66s/it] 30%|██▉       | 39/132 [04:50<08:46,  5.66s/it] 30%|███       | 40/132 [04:59<09:49,  6.41s/it] 31%|███       | 41/132 [05:01<07:44,  5.10s/it] 32%|███▏      | 42/132 [05:14<11:32,  7.69s/it] 33%|███▎      | 43/132 [05:18<09:30,  6.41s/it] 33%|███▎      | 44/132 [05:38<15:41, 10.70s/it] 34%|███▍      | 45/132 [05:41<12:05,  8.34s/it] 35%|███▍      | 46/132 [05:44<09:42,  6.77s/it] 36%|███▌      | 47/132 [05:49<08:35,  6.06s/it] 36%|███▋      | 48/132 [05:51<06:54,  4.93s/it] 37%|███▋      | 49/132 [06:05<10:21,  7.49s/it] 38%|███▊      | 50/132 [06:08<08:46,  6.42s/it] 39%|███▊      | 51/132 [06:24<12:23,  9.18s/it] 39%|███▉      | 52/132 [06:27<09:35,  7.19s/it] 40%|████      | 53/132 [06:32<08:35,  6.52s/it] 41%|████      | 54/132 [06:51<13:30, 10.39s/it] 42%|████▏     | 55/132 [06:56<11:17,  8.80s/it] 42%|████▏     | 56/132 [06:59<08:46,  6.92s/it] 43%|████▎     | 57/132 [07:10<10:26,  8.35s/it] 44%|████▍     | 58/132 [07:15<09:02,  7.33s/it] 45%|████▍     | 59/132 [07:23<09:01,  7.42s/it] 45%|████▌     | 60/132 [07:26<07:10,  5.98s/it] 46%|████▌     | 61/132 [07:30<06:33,  5.54s/it] 47%|████▋     | 62/132 [07:43<09:12,  7.89s/it] 48%|████▊     | 63/132 [07:46<07:17,  6.34s/it] 48%|████▊     | 64/132 [08:03<10:45,  9.49s/it] 49%|████▉     | 65/132 [08:08<09:04,  8.12s/it] 50%|█████     | 66/132 [08:12<07:30,  6.83s/it] 51%|█████     | 67/132 [08:26<09:58,  9.21s/it] 52%|█████▏    | 68/132 [08:31<08:21,  7.84s/it] 52%|█████▏    | 69/132 [08:37<07:35,  7.23s/it] 53%|█████▎    | 70/132 [08:40<06:19,  6.13s/it] 54%|█████▍    | 71/132 [08:57<09:30,  9.35s/it] 55%|█████▍    | 72/132 [09:00<07:12,  7.20s/it] 55%|█████▌    | 73/132 [09:18<10:29, 10.67s/it] 56%|█████▌    | 74/132 [09:23<08:36,  8.90s/it] 57%|█████▋    | 75/132 [09:27<07:07,  7.51s/it] 58%|█████▊    | 76/132 [09:33<06:22,  6.83s/it] 58%|█████▊    | 77/132 [09:37<05:31,  6.02s/it] 59%|█████▉    | 78/132 [09:51<07:33,  8.39s/it] 60%|█████▉    | 79/132 [09:53<05:50,  6.62s/it] 61%|██████    | 80/132 [09:59<05:27,  6.29s/it] 61%|██████▏   | 81/132 [10:14<07:35,  8.92s/it] 62%|██████▏   | 82/132 [10:16<05:46,  6.92s/it] 63%|██████▎   | 83/132 [10:19<04:34,  5.61s/it] 64%|██████▎   | 84/132 [10:32<06:23,  7.99s/it] 64%|██████▍   | 85/132 [10:34<04:49,  6.16s/it] 65%|██████▌   | 86/132 [10:58<08:44, 11.41s/it] 66%|██████▌   | 87/132 [11:01<06:48,  9.09s/it] 67%|██████▋   | 88/132 [11:08<06:10,  8.41s/it] 67%|██████▋   | 89/132 [11:13<05:21,  7.47s/it] 68%|██████▊   | 90/132 [11:16<04:08,  5.91s/it] 69%|██████▉   | 91/132 [11:20<03:42,  5.43s/it] 70%|██████▉   | 92/132 [11:33<05:11,  7.78s/it] 70%|███████   | 93/132 [11:36<04:02,  6.22s/it] 71%|███████   | 94/132 [11:54<06:15,  9.87s/it] 72%|███████▏  | 95/132 [11:57<04:49,  7.83s/it] 73%|███████▎  | 96/132 [12:00<03:44,  6.25s/it] 73%|███████▎  | 97/132 [12:14<04:59,  8.55s/it] 74%|███████▍  | 98/132 [12:18<04:02,  7.14s/it] 75%|███████▌  | 99/132 [12:21<03:15,  5.92s/it] 76%|███████▌  | 100/132 [12:37<04:51,  9.10s/it] 77%|███████▋  | 101/132 [12:42<04:03,  7.85s/it] 77%|███████▋  | 102/132 [12:51<04:02,  8.07s/it] 78%|███████▊  | 103/132 [12:55<03:19,  6.87s/it] 79%|███████▉  | 104/132 [13:00<02:56,  6.29s/it] 80%|███████▉  | 105/132 [13:16<04:14,  9.43s/it] 80%|████████  | 106/132 [13:21<03:24,  7.86s/it] 81%|████████  | 107/132 [13:24<02:41,  6.44s/it] 82%|████████▏ | 108/132 [13:41<03:53,  9.73s/it] 83%|████████▎ | 109/132 [13:44<02:53,  7.54s/it] 83%|████████▎ | 110/132 [13:59<03:38,  9.91s/it] 84%|████████▍ | 111/132 [14:09<03:27,  9.88s/it] 85%|████████▍ | 112/132 [14:14<02:48,  8.43s/it] 86%|████████▌ | 113/132 [14:17<02:08,  6.76s/it] 86%|████████▋ | 114/132 [14:36<03:06, 10.38s/it] 87%|████████▋ | 115/132 [14:38<02:14,  7.92s/it] 88%|████████▊ | 116/132 [14:57<03:00, 11.28s/it] 89%|████████▊ | 117/132 [15:07<02:44, 10.94s/it] 89%|████████▉ | 118/132 [15:10<01:57,  8.40s/it] 90%|█████████ | 119/132 [15:12<01:27,  6.71s/it] 91%|█████████ | 120/132 [15:32<02:06, 10.53s/it] 92%|█████████▏| 121/132 [15:34<01:30,  8.20s/it] 92%|█████████▏| 122/132 [15:50<01:42, 10.29s/it] 93%|█████████▎| 123/132 [15:54<01:15,  8.40s/it] 94%|█████████▍| 124/132 [16:11<01:29, 11.19s/it] 95%|█████████▍| 125/132 [16:14<00:59,  8.54s/it] 95%|█████████▌| 126/132 [16:28<01:01, 10.30s/it] 96%|█████████▌| 127/132 [16:51<01:10, 14.00s/it] 97%|█████████▋| 128/132 [16:53<00:42, 10.55s/it] 98%|█████████▊| 129/132 [16:59<00:26,  8.98s/it] 98%|█████████▊| 130/132 [17:18<00:24, 12.13s/it] 99%|█████████▉| 131/132 [17:26<00:10, 10.73s/it]100%|██████████| 132/132 [17:28<00:00,  8.19s/it]100%|██████████| 132/132 [17:28<00:00,  7.94s/it]
litellm.RateLimitError: BedrockException - {"message":"Too many requests, please wait before trying again. You have sent too many requests.  Wait before trying again."} [sleep 10 seconds]
litellm.RateLimitError: BedrockException - {"message":"Too many requests, please wait before trying again. You have sent too many requests.  Wait before trying again."} [sleep 10 seconds]
litellm.RateLimitError: BedrockException - {"message":"Too many requests, please wait before trying again. You have sent too many requests.  Wait before trying again."} [sleep 10 seconds]
litellm.RateLimitError: BedrockException - {"message":"Too many requests, please wait before trying again. You have sent too many requests.  Wait before trying again."} [sleep 10 seconds]
litellm.RateLimitError: BedrockException - {"message":"Too many requests, please wait before trying again. You have sent too many requests.  Wait before trying again."} [sleep 10 seconds]
litellm.RateLimitError: BedrockException - {"message":"Too many requests, please wait before trying again. You have sent too many requests.  Wait before trying again."} [sleep 10 seconds]
litellm.RateLimitError: BedrockException - {"message":"Too many requests, please wait before trying again. You have sent too many requests.  Wait before trying again."} [sleep 10 seconds]
litellm.RateLimitError: BedrockException - {"message":"Too many requests, please wait before trying again. You have sent too many requests.  Wait before trying again."} [sleep 10 seconds]
litellm.RateLimitError: BedrockException - {"message":"Too many requests, please wait before trying again. You have sent too many requests.  Wait before trying again."} [sleep 10 seconds]
litellm.RateLimitError: BedrockException - {"message":"Too many requests, please wait before trying again. You have sent too many requests.  Wait before trying again."} [sleep 10 seconds]
litellm.RateLimitError: BedrockException - {"message":"Too many requests, please wait before trying again. You have sent too many requests.  Wait before trying again."} [sleep 10 seconds]
litellm.RateLimitError: BedrockException - {"message":"Too many requests, please wait before trying again. You have sent too many requests.  Wait before trying again."} [sleep 10 seconds]
litellm.RateLimitError: BedrockException - {"message":"Too many requests, please wait before trying again. You have sent too many requests.  Wait before trying again."} [sleep 10 seconds]
litellm.RateLimitError: BedrockException - {"message":"Too many requests, please wait before trying again. You have sent too many requests.  Wait before trying again."} [sleep 10 seconds]
litellm.RateLimitError: BedrockException - {"message":"Too many requests, please wait before trying again. You have sent too many requests.  Wait before trying again."} [sleep 10 seconds]
litellm.RateLimitError: BedrockException - {"message":"Too many requests, please wait before trying again. You have sent too many requests.  Wait before trying again."} [sleep 10 seconds]
litellm.RateLimitError: BedrockException - {"message":"Too many requests, please wait before trying again. You have sent too many requests.  Wait before trying again."} [sleep 10 seconds]
litellm.RateLimitError: BedrockException - {"message":"Too many requests, please wait before trying again. You have sent too many requests.  Wait before trying again."} [sleep 10 seconds]
litellm.RateLimitError: BedrockException - {"message":"Too many requests, please wait before trying again. You have sent too many requests.  Wait before trying again."} [sleep 10 seconds]
litellm.RateLimitError: BedrockException - {"message":"Too many requests, please wait before trying again. You have sent too many requests.  Wait before trying again."} [sleep 10 seconds]
litellm.RateLimitError: BedrockException - {"message":"Too many requests, please wait before trying again. You have sent too many requests.  Wait before trying again."} [sleep 10 seconds]
litellm.RateLimitError: BedrockException - {"message":"Too many requests, please wait before trying again. You have sent too many requests.  Wait before trying again."} [sleep 10 seconds]
litellm.RateLimitError: BedrockException - {"message":"Too many requests, please wait before trying again. You have sent too many requests.  Wait before trying again."} [sleep 10 seconds]
litellm.RateLimitError: BedrockException - {"message":"Too many requests, please wait before trying again. You have sent too many requests.  Wait before trying again."} [sleep 10 seconds]
litellm.RateLimitError: BedrockException - {"message":"Too many requests, please wait before trying again. You have sent too many requests.  Wait before trying again."} [sleep 10 seconds]
litellm.RateLimitError: BedrockException - {"message":"Too many requests, please wait before trying again. You have sent too many requests.  Wait before trying again."} [sleep 10 seconds]
litellm.RateLimitError: BedrockException - {"message":"Too many requests, please wait before trying again. You have sent too many requests.  Wait before trying again."} [sleep 10 seconds]
litellm.RateLimitError: BedrockException - {"message":"Too many requests, please wait before trying again. You have sent too many requests.  Wait before trying again."} [sleep 10 seconds]
litellm.RateLimitError: BedrockException - {"message":"Too many requests, please wait before trying again. You have sent too many requests.  Wait before trying again."} [sleep 10 seconds]
litellm.RateLimitError: BedrockException - {"message":"Too many requests, please wait before trying again. You have sent too many requests.  Wait before trying again."} [sleep 10 seconds]
litellm.RateLimitError: BedrockException - {"message":"Too many requests, please wait before trying again. You have sent too many requests.  Wait before trying again."} [sleep 10 seconds]
litellm.RateLimitError: BedrockException - {"message":"Too many requests, please wait before trying again. You have sent too many requests.  Wait before trying again."} [sleep 10 seconds]
litellm.RateLimitError: BedrockException - {"message":"Too many requests, please wait before trying again. You have sent too many requests.  Wait before trying again."} [sleep 10 seconds]
litellm.RateLimitError: BedrockException - {"message":"Too many requests, please wait before trying again. You have sent too many requests.  Wait before trying again."} [sleep 10 seconds]
litellm.RateLimitError: BedrockException - {"message":"Too many requests, please wait before trying again. You have sent too many requests.  Wait before trying again."} [sleep 10 seconds]
litellm.RateLimitError: BedrockException - {"message":"Too many requests, please wait before trying again. You have sent too many requests.  Wait before trying again."} [sleep 10 seconds]
litellm.RateLimitError: BedrockException - {"message":"Too many requests, please wait before trying again. You have sent too many requests.  Wait before trying again."} [sleep 10 seconds]
litellm.RateLimitError: BedrockException - {"message":"Too many requests, please wait before trying again. You have sent too many requests.  Wait before trying again."} [sleep 10 seconds]
time:  1048.395966053009
  0%|          | 0/128 [00:00<?, ?it/s]  1%|          | 1/128 [00:17<37:09, 17.55s/it]  2%|▏         | 2/128 [00:22<20:41,  9.85s/it]  2%|▏         | 3/128 [00:38<27:04, 13.00s/it]  3%|▎         | 4/128 [00:51<26:15, 12.71s/it]  4%|▍         | 5/128 [00:54<19:33,  9.54s/it]  5%|▍         | 6/128 [00:59<15:43,  7.74s/it]  5%|▌         | 7/128 [01:18<23:00, 11.41s/it]  6%|▋         | 8/128 [01:30<23:25, 11.71s/it]  7%|▋         | 9/128 [01:35<18:48,  9.48s/it]  8%|▊         | 10/128 [01:37<14:17,  7.27s/it]  9%|▊         | 11/128 [02:06<27:22, 14.04s/it]  9%|▉         | 12/128 [02:11<21:23, 11.06s/it] 10%|█         | 13/128 [02:19<19:46, 10.32s/it] 11%|█         | 14/128 [02:23<15:54,  8.37s/it] 12%|█▏        | 15/128 [02:33<16:38,  8.84s/it] 12%|█▎        | 16/128 [02:37<13:43,  7.35s/it] 13%|█▎        | 17/128 [02:47<15:00,  8.12s/it] 14%|█▍        | 18/128 [02:59<17:23,  9.49s/it] 15%|█▍        | 19/128 [03:09<17:28,  9.62s/it] 16%|█▌        | 20/128 [03:20<17:38,  9.80s/it] 16%|█▋        | 21/128 [03:24<14:25,  8.09s/it] 17%|█▋        | 22/128 [03:31<13:45,  7.79s/it] 18%|█▊        | 23/128 [03:47<18:03, 10.32s/it] 19%|█▉        | 24/128 [03:51<14:41,  8.47s/it] 20%|█▉        | 25/128 [03:56<12:29,  7.28s/it] 20%|██        | 26/128 [04:00<10:59,  6.47s/it] 21%|██        | 27/128 [04:05<10:14,  6.09s/it] 22%|██▏       | 28/128 [04:12<10:23,  6.23s/it] 23%|██▎       | 29/128 [04:15<08:42,  5.27s/it] 23%|██▎       | 30/128 [04:18<07:43,  4.73s/it] 24%|██▍       | 31/128 [04:33<12:33,  7.77s/it] 25%|██▌       | 32/128 [04:37<10:19,  6.46s/it] 26%|██▌       | 33/128 [04:51<14:00,  8.85s/it] 27%|██▋       | 34/128 [05:06<16:39, 10.64s/it] 27%|██▋       | 35/128 [05:09<13:10,  8.50s/it] 28%|██▊       | 36/128 [05:17<12:23,  8.09s/it] 29%|██▉       | 37/128 [05:25<12:33,  8.28s/it] 30%|██▉       | 38/128 [05:37<13:46,  9.18s/it] 30%|███       | 39/128 [05:41<11:21,  7.66s/it] 31%|███▏      | 40/128 [05:43<08:45,  5.97s/it] 32%|███▏      | 41/128 [06:06<16:19, 11.26s/it] 33%|███▎      | 42/128 [06:20<17:20, 12.10s/it] 34%|███▎      | 43/128 [06:24<13:41,  9.66s/it] 34%|███▍      | 44/128 [06:29<11:15,  8.04s/it] 35%|███▌      | 45/128 [06:33<09:26,  6.82s/it] 36%|███▌      | 46/128 [06:36<08:00,  5.86s/it] 37%|███▋      | 47/128 [06:39<06:48,  5.05s/it] 38%|███▊      | 48/128 [06:53<10:01,  7.52s/it] 38%|███▊      | 49/128 [06:55<07:50,  5.96s/it] 39%|███▉      | 50/128 [07:16<13:43, 10.56s/it] 40%|███▉      | 51/128 [07:21<11:27,  8.93s/it] 41%|████      | 52/128 [07:27<09:52,  7.79s/it] 41%|████▏     | 53/128 [07:30<08:07,  6.50s/it] 42%|████▏     | 54/128 [07:49<12:39, 10.27s/it] 43%|████▎     | 55/128 [07:53<10:03,  8.27s/it] 44%|████▍     | 56/128 [07:58<08:43,  7.28s/it] 45%|████▍     | 57/128 [08:17<12:48, 10.83s/it] 45%|████▌     | 58/128 [08:20<09:53,  8.49s/it] 46%|████▌     | 59/128 [08:47<16:05, 14.00s/it] 47%|████▋     | 60/128 [08:51<12:38, 11.16s/it] 48%|████▊     | 61/128 [08:53<09:25,  8.43s/it] 48%|████▊     | 62/128 [09:05<10:27,  9.51s/it] 49%|████▉     | 63/128 [09:14<09:55,  9.16s/it] 50%|█████     | 64/128 [09:24<10:00,  9.39s/it] 51%|█████     | 65/128 [09:26<07:46,  7.41s/it] 52%|█████▏    | 66/128 [09:30<06:21,  6.16s/it] 52%|█████▏    | 67/128 [09:40<07:32,  7.42s/it] 53%|█████▎    | 68/128 [09:55<09:50,  9.84s/it] 54%|█████▍    | 69/128 [10:00<08:00,  8.15s/it] 55%|█████▍    | 70/128 [10:04<06:44,  6.97s/it] 55%|█████▌    | 71/128 [10:14<07:35,  7.99s/it] 56%|█████▋    | 72/128 [10:19<06:30,  6.97s/it] 57%|█████▋    | 73/128 [10:26<06:25,  7.01s/it] 58%|█████▊    | 74/128 [10:50<10:53, 12.10s/it] 59%|█████▊    | 75/128 [10:57<09:15, 10.48s/it] 59%|█████▉    | 76/128 [11:15<11:08, 12.86s/it] 60%|██████    | 77/128 [11:18<08:32, 10.05s/it] 61%|██████    | 78/128 [11:21<06:33,  7.86s/it] 62%|██████▏   | 79/128 [11:28<06:04,  7.44s/it] 62%|██████▎   | 80/128 [11:41<07:22,  9.23s/it] 63%|██████▎   | 81/128 [11:52<07:37,  9.73s/it] 64%|██████▍   | 82/128 [11:57<06:16,  8.18s/it] 65%|██████▍   | 83/128 [12:02<05:31,  7.38s/it] 66%|██████▌   | 84/128 [12:07<04:50,  6.59s/it] 66%|██████▋   | 85/128 [12:27<07:39, 10.68s/it] 67%|██████▋   | 86/128 [12:45<08:58, 12.82s/it] 68%|██████▊   | 87/128 [12:49<07:01, 10.28s/it] 69%|██████▉   | 88/128 [12:53<05:31,  8.29s/it] 70%|██████▉   | 89/128 [12:55<04:12,  6.46s/it] 70%|███████   | 90/128 [12:59<03:32,  5.59s/it] 71%|███████   | 91/128 [13:14<05:13,  8.48s/it] 72%|███████▏  | 92/128 [13:16<03:58,  6.63s/it] 73%|███████▎  | 93/128 [13:21<03:32,  6.07s/it] 73%|███████▎  | 94/128 [13:54<08:00, 14.12s/it] 74%|███████▍  | 95/128 [13:59<06:16, 11.41s/it] 75%|███████▌  | 96/128 [14:02<04:50,  9.07s/it] 76%|███████▌  | 97/128 [14:08<04:04,  7.88s/it] 77%|███████▋  | 98/128 [14:14<03:40,  7.36s/it] 77%|███████▋  | 99/128 [14:16<02:51,  5.90s/it] 78%|███████▊  | 100/128 [14:26<03:21,  7.20s/it] 79%|███████▉  | 101/128 [14:40<04:05,  9.08s/it] 80%|███████▉  | 102/128 [14:45<03:22,  7.80s/it] 80%|████████  | 103/128 [15:03<04:35, 11.01s/it] 81%|████████▏ | 104/128 [15:07<03:31,  8.83s/it] 82%|████████▏ | 105/128 [15:11<02:50,  7.40s/it] 83%|████████▎ | 106/128 [15:21<02:58,  8.12s/it] 84%|████████▎ | 107/128 [15:24<02:19,  6.64s/it] 84%|████████▍ | 108/128 [15:30<02:07,  6.37s/it] 85%|████████▌ | 109/128 [15:35<01:54,  6.03s/it] 86%|████████▌ | 110/128 [15:40<01:43,  5.72s/it] 87%|████████▋ | 111/128 [15:55<02:24,  8.48s/it] 88%|████████▊ | 112/128 [16:01<02:03,  7.74s/it] 88%|████████▊ | 113/128 [16:06<01:46,  7.07s/it] 89%|████████▉ | 114/128 [16:26<02:32, 10.87s/it] 90%|████████▉ | 115/128 [16:29<01:49,  8.46s/it] 91%|█████████ | 116/128 [16:36<01:35,  7.92s/it] 91%|█████████▏| 117/128 [16:38<01:09,  6.28s/it] 92%|█████████▏| 118/128 [16:52<01:26,  8.64s/it] 93%|█████████▎| 119/128 [16:59<01:13,  8.14s/it] 94%|█████████▍| 120/128 [17:03<00:54,  6.87s/it] 95%|█████████▍| 121/128 [17:22<01:13, 10.54s/it] 95%|█████████▌| 122/128 [17:27<00:52,  8.83s/it] 96%|█████████▌| 123/128 [17:30<00:34,  6.91s/it] 97%|█████████▋| 124/128 [17:33<00:23,  5.78s/it] 98%|█████████▊| 125/128 [17:47<00:25,  8.45s/it] 98%|█████████▊| 126/128 [17:50<00:13,  6.72s/it] 99%|█████████▉| 127/128 [18:09<00:10, 10.46s/it]100%|██████████| 128/128 [18:12<00:00,  8.21s/it]100%|██████████| 128/128 [18:12<00:00,  8.54s/it]
litellm.RateLimitError: BedrockException - {"message":"Too many requests, please wait before trying again. You have sent too many requests.  Wait before trying again."} [sleep 10 seconds]
litellm.RateLimitError: BedrockException - {"message":"Too many requests, please wait before trying again. You have sent too many requests.  Wait before trying again."} [sleep 10 seconds]
litellm.RateLimitError: BedrockException - {"message":"Too many requests, please wait before trying again. You have sent too many requests.  Wait before trying again."} [sleep 10 seconds]
litellm.RateLimitError: BedrockException - {"message":"Too many requests, please wait before trying again. You have sent too many requests.  Wait before trying again."} [sleep 10 seconds]
litellm.RateLimitError: BedrockException - {"message":"Too many requests, please wait before trying again. You have sent too many requests.  Wait before trying again."} [sleep 10 seconds]
litellm.RateLimitError: BedrockException - {"message":"Too many requests, please wait before trying again. You have sent too many requests.  Wait before trying again."} [sleep 10 seconds]
litellm.RateLimitError: BedrockException - {"message":"Too many requests, please wait before trying again. You have sent too many requests.  Wait before trying again."} [sleep 10 seconds]
litellm.RateLimitError: BedrockException - {"message":"Too many requests, please wait before trying again. You have sent too many requests.  Wait before trying again."} [sleep 10 seconds]
litellm.RateLimitError: BedrockException - {"message":"Too many requests, please wait before trying again. You have sent too many requests.  Wait before trying again."} [sleep 10 seconds]
litellm.RateLimitError: BedrockException - {"message":"Too many requests, please wait before trying again. You have sent too many requests.  Wait before trying again."} [sleep 10 seconds]
litellm.RateLimitError: BedrockException - {"message":"Too many requests, please wait before trying again. You have sent too many requests.  Wait before trying again."} [sleep 10 seconds]
litellm.RateLimitError: BedrockException - {"message":"Too many requests, please wait before trying again. You have sent too many requests.  Wait before trying again."} [sleep 10 seconds]
litellm.RateLimitError: BedrockException - {"message":"Too many requests, please wait before trying again. You have sent too many requests.  Wait before trying again."} [sleep 10 seconds]
litellm.APIConnectionError: [Errno 9] Bad file descriptor
Traceback (most recent call last):
  File "/opt/conda/envs/refchecker/lib/python3.10/site-packages/httpx/_transports/default.py", line 69, in map_httpcore_exceptions
    yield
  File "/opt/conda/envs/refchecker/lib/python3.10/site-packages/httpx/_transports/default.py", line 233, in handle_request
    resp = self._pool.handle_request(req)
  File "/opt/conda/envs/refchecker/lib/python3.10/site-packages/httpcore/_sync/connection_pool.py", line 216, in handle_request
    raise exc from None
  File "/opt/conda/envs/refchecker/lib/python3.10/site-packages/httpcore/_sync/connection_pool.py", line 196, in handle_request
    response = connection.handle_request(
  File "/opt/conda/envs/refchecker/lib/python3.10/site-packages/httpcore/_sync/connection.py", line 101, in handle_request
    return self._connection.handle_request(request)
  File "/opt/conda/envs/refchecker/lib/python3.10/site-packages/httpcore/_sync/http11.py", line 143, in handle_request
    raise exc
  File "/opt/conda/envs/refchecker/lib/python3.10/site-packages/httpcore/_sync/http11.py", line 113, in handle_request
    ) = self._receive_response_headers(**kwargs)
  File "/opt/conda/envs/refchecker/lib/python3.10/site-packages/httpcore/_sync/http11.py", line 186, in _receive_response_headers
    event = self._receive_event(timeout=timeout)
  File "/opt/conda/envs/refchecker/lib/python3.10/site-packages/httpcore/_sync/http11.py", line 224, in _receive_event
    data = self._network_stream.read(
  File "/opt/conda/envs/refchecker/lib/python3.10/site-packages/httpcore/_backends/sync.py", line 124, in read
    with map_exceptions(exc_map):
  File "/opt/conda/envs/refchecker/lib/python3.10/contextlib.py", line 153, in __exit__
    self.gen.throw(typ, value, traceback)
  File "/opt/conda/envs/refchecker/lib/python3.10/site-packages/httpcore/_exceptions.py", line 14, in map_exceptions
    raise to_exc(exc) from exc
httpcore.ReadError: [Errno 9] Bad file descriptor

The above exception was the direct cause of the following exception:

Traceback (most recent call last):
  File "/opt/conda/envs/refchecker/lib/python3.10/site-packages/litellm/main.py", line 2293, in completion
    response = bedrock_chat_completion.completion(
  File "/opt/conda/envs/refchecker/lib/python3.10/site-packages/litellm/llms/bedrock_httpx.py", line 1094, in completion
    response = self.client.post(url=prepped.url, headers=prepped.headers, data=data)  # type: ignore
  File "/opt/conda/envs/refchecker/lib/python3.10/site-packages/litellm/llms/custom_httpx/http_handler.py", line 200, in post
    response = self.client.send(req, stream=stream)
  File "/opt/conda/envs/refchecker/lib/python3.10/site-packages/httpx/_client.py", line 914, in send
    response = self._send_handling_auth(
  File "/opt/conda/envs/refchecker/lib/python3.10/site-packages/httpx/_client.py", line 942, in _send_handling_auth
    response = self._send_handling_redirects(
  File "/opt/conda/envs/refchecker/lib/python3.10/site-packages/httpx/_client.py", line 979, in _send_handling_redirects
    response = self._send_single_request(request)
  File "/opt/conda/envs/refchecker/lib/python3.10/site-packages/httpx/_client.py", line 1015, in _send_single_request
    response = transport.handle_request(request)
  File "/opt/conda/envs/refchecker/lib/python3.10/site-packages/httpx/_transports/default.py", line 232, in handle_request
    with map_httpcore_exceptions():
  File "/opt/conda/envs/refchecker/lib/python3.10/contextlib.py", line 153, in __exit__
    self.gen.throw(typ, value, traceback)
  File "/opt/conda/envs/refchecker/lib/python3.10/site-packages/httpx/_transports/default.py", line 86, in map_httpcore_exceptions
    raise mapped_exc(message) from exc
httpx.ReadError: [Errno 9] Bad file descriptor
 [sleep 10 seconds]
litellm.RateLimitError: BedrockException - {"message":"Too many requests, please wait before trying again. You have sent too many requests.  Wait before trying again."} [sleep 10 seconds]
litellm.RateLimitError: BedrockException - {"message":"Too many requests, please wait before trying again. You have sent too many requests.  Wait before trying again."} [sleep 10 seconds]
litellm.RateLimitError: BedrockException - {"message":"Too many requests, please wait before trying again. You have sent too many requests.  Wait before trying again."} [sleep 10 seconds]
litellm.RateLimitError: BedrockException - {"message":"Too many requests, please wait before trying again. You have sent too many requests.  Wait before trying again."} [sleep 10 seconds]
litellm.RateLimitError: BedrockException - {"message":"Too many requests, please wait before trying again. You have sent too many requests.  Wait before trying again."} [sleep 10 seconds]
litellm.RateLimitError: BedrockException - {"message":"Too many requests, please wait before trying again. You have sent too many requests.  Wait before trying again."} [sleep 10 seconds]
litellm.RateLimitError: BedrockException - {"message":"Too many requests, please wait before trying again. You have sent too many requests.  Wait before trying again."} [sleep 10 seconds]
litellm.RateLimitError: BedrockException - {"message":"Too many requests, please wait before trying again. You have sent too many requests.  Wait before trying again."} [sleep 10 seconds]
litellm.RateLimitError: BedrockException - {"message":"Too many requests, please wait before trying again. You have sent too many requests.  Wait before trying again."} [sleep 10 seconds]
litellm.RateLimitError: BedrockException - {"message":"Too many requests, please wait before trying again. You have sent too many requests.  Wait before trying again."} [sleep 10 seconds]
time:  1092.7881183624268
  0%|          | 0/120 [00:00<?, ?it/s]  1%|          | 1/120 [00:07<13:58,  7.04s/it]  2%|▏         | 2/120 [00:12<12:31,  6.37s/it]  2%|▎         | 3/120 [00:27<19:55, 10.22s/it]  3%|▎         | 4/120 [00:32<15:52,  8.21s/it]  4%|▍         | 5/120 [00:36<12:29,  6.52s/it]  5%|▌         | 6/120 [00:53<19:16, 10.15s/it]  6%|▌         | 7/120 [00:56<14:24,  7.65s/it]  7%|▋         | 8/120 [01:00<12:36,  6.75s/it]  8%|▊         | 9/120 [01:17<18:08,  9.81s/it]  8%|▊         | 10/120 [01:22<15:26,  8.42s/it]  9%|▉         | 11/120 [01:31<15:13,  8.38s/it] 10%|█         | 12/120 [01:37<13:48,  7.67s/it] 11%|█         | 13/120 [01:54<18:47, 10.54s/it] 12%|█▏        | 14/120 [02:00<16:31,  9.36s/it] 12%|█▎        | 15/120 [02:04<13:19,  7.62s/it] 13%|█▎        | 16/120 [02:16<15:31,  8.96s/it] 14%|█▍        | 17/120 [02:20<12:33,  7.31s/it] 15%|█▌        | 18/120 [02:26<12:11,  7.18s/it] 16%|█▌        | 19/120 [02:48<19:21, 11.50s/it] 17%|█▋        | 20/120 [02:51<14:50,  8.90s/it] 18%|█▊        | 21/120 [03:00<14:37,  8.87s/it] 18%|█▊        | 22/120 [03:04<12:18,  7.54s/it] 19%|█▉        | 23/120 [03:07<09:48,  6.06s/it] 20%|██        | 24/120 [03:36<20:42, 12.94s/it] 21%|██        | 25/120 [03:40<16:17, 10.29s/it] 22%|██▏       | 26/120 [03:43<12:53,  8.23s/it] 22%|██▎       | 27/120 [03:52<13:07,  8.47s/it] 23%|██▎       | 28/120 [03:56<10:53,  7.10s/it] 24%|██▍       | 29/120 [04:00<09:22,  6.18s/it] 25%|██▌       | 30/120 [04:03<07:58,  5.32s/it] 26%|██▌       | 31/120 [04:33<18:53, 12.74s/it] 27%|██▋       | 32/120 [04:39<15:17, 10.42s/it] 28%|██▊       | 33/120 [04:44<12:59,  8.96s/it] 28%|██▊       | 34/120 [04:51<11:57,  8.35s/it] 29%|██▉       | 35/120 [04:55<09:46,  6.91s/it] 30%|███       | 36/120 [05:08<12:31,  8.94s/it] 31%|███       | 37/120 [05:15<11:24,  8.25s/it] 32%|███▏      | 38/120 [15:41<4:24:43, 193.70s/it] 32%|███▎      | 39/120 [15:45<3:04:42, 136.82s/it] 33%|███▎      | 40/120 [15:48<2:08:54, 96.68s/it]  34%|███▍      | 41/120 [15:56<1:32:01, 69.89s/it] 35%|███▌      | 42/120 [15:59<1:04:57, 49.97s/it] 36%|███▌      | 43/120 [16:03<46:24, 36.16s/it]   37%|███▋      | 44/120 [16:08<33:52, 26.74s/it] 38%|███▊      | 45/120 [16:11<24:38, 19.71s/it] 38%|███▊      | 46/120 [16:16<18:43, 15.19s/it] 39%|███▉      | 47/120 [16:19<14:02, 11.54s/it] 40%|████      | 48/120 [16:24<11:41,  9.74s/it] 41%|████      | 49/120 [16:28<09:22,  7.92s/it] 42%|████▏     | 50/120 [16:31<07:20,  6.29s/it] 42%|████▎     | 51/120 [16:35<06:43,  5.85s/it] 43%|████▎     | 52/120 [16:38<05:31,  4.88s/it] 44%|████▍     | 53/120 [16:47<06:56,  6.22s/it] 45%|████▌     | 54/120 [16:50<05:35,  5.09s/it] 46%|████▌     | 55/120 [17:10<10:33,  9.75s/it] 47%|████▋     | 56/120 [17:19<09:55,  9.30s/it] 48%|████▊     | 57/120 [17:23<08:17,  7.89s/it] 48%|████▊     | 58/120 [17:27<06:58,  6.76s/it] 49%|████▉     | 59/120 [17:41<09:04,  8.93s/it] 50%|█████     | 60/120 [17:44<07:05,  7.09s/it] 51%|█████     | 61/120 [17:47<05:43,  5.82s/it] 52%|█████▏    | 62/120 [18:14<11:51, 12.27s/it] 52%|█████▎    | 63/120 [18:20<09:42, 10.22s/it] 53%|█████▎    | 64/120 [18:26<08:24,  9.01s/it] 54%|█████▍    | 65/120 [18:29<06:32,  7.14s/it] 55%|█████▌    | 66/120 [18:34<06:01,  6.70s/it] 56%|█████▌    | 67/120 [18:38<05:09,  5.84s/it] 57%|█████▋    | 68/120 [18:56<08:10,  9.43s/it] 57%|█████▊    | 69/120 [19:05<07:57,  9.36s/it] 58%|█████▊    | 70/120 [19:08<06:05,  7.30s/it] 59%|█████▉    | 71/120 [19:14<05:41,  6.96s/it] 60%|██████    | 72/120 [19:27<07:04,  8.85s/it] 61%|██████    | 73/120 [19:38<07:21,  9.40s/it] 62%|██████▏   | 74/120 [19:42<05:56,  7.74s/it] 62%|██████▎   | 75/120 [19:45<04:51,  6.47s/it] 63%|██████▎   | 76/120 [19:50<04:27,  6.09s/it] 64%|██████▍   | 77/120 [20:09<07:08,  9.96s/it] 65%|██████▌   | 78/120 [20:15<06:08,  8.77s/it] 66%|██████▌   | 79/120 [20:20<05:12,  7.61s/it] 67%|██████▋   | 80/120 [20:46<08:42, 13.07s/it] 68%|██████▊   | 81/120 [20:51<06:51, 10.56s/it] 68%|██████▊   | 82/120 [20:55<05:31,  8.73s/it] 69%|██████▉   | 83/120 [21:01<04:50,  7.85s/it] 70%|███████   | 84/120 [21:14<05:37,  9.38s/it] 71%|███████   | 85/120 [21:21<05:02,  8.64s/it] 72%|███████▏  | 86/120 [21:29<04:48,  8.48s/it] 72%|███████▎  | 87/120 [21:33<03:52,  7.05s/it] 73%|███████▎  | 88/120 [21:41<03:58,  7.44s/it] 74%|███████▍  | 89/120 [21:43<03:02,  5.87s/it] 75%|███████▌  | 90/120 [22:08<05:43, 11.45s/it] 76%|███████▌  | 91/120 [22:10<04:10,  8.64s/it] 77%|███████▋  | 92/120 [22:16<03:41,  7.91s/it] 78%|███████▊  | 93/120 [22:19<02:55,  6.51s/it] 78%|███████▊  | 94/120 [22:33<03:43,  8.60s/it] 79%|███████▉  | 95/120 [22:39<03:13,  7.76s/it] 80%|████████  | 96/120 [22:43<02:40,  6.70s/it] 81%|████████  | 97/120 [22:57<03:24,  8.89s/it] 82%|████████▏ | 98/120 [23:07<03:22,  9.23s/it] 82%|████████▎ | 99/120 [23:12<02:49,  8.08s/it] 83%|████████▎ | 100/120 [23:22<02:53,  8.69s/it] 84%|████████▍ | 101/120 [23:28<02:26,  7.69s/it] 85%|████████▌ | 102/120 [23:34<02:10,  7.23s/it] 86%|████████▌ | 103/120 [23:42<02:09,  7.61s/it] 87%|████████▋ | 104/120 [23:46<01:41,  6.32s/it] 88%|████████▊ | 105/120 [24:04<02:29,  9.96s/it] 88%|████████▊ | 106/120 [24:07<01:47,  7.65s/it] 89%|████████▉ | 107/120 [24:10<01:22,  6.34s/it] 90%|█████████ | 108/120 [24:32<02:13, 11.14s/it] 91%|█████████ | 109/120 [24:35<01:35,  8.64s/it] 92%|█████████▏| 110/120 [24:37<01:06,  6.70s/it] 92%|█████████▎| 111/120 [24:39<00:48,  5.41s/it] 93%|█████████▎| 112/120 [24:55<01:06,  8.36s/it] 94%|█████████▍| 113/120 [24:58<00:48,  6.94s/it] 95%|█████████▌| 114/120 [25:14<00:56,  9.48s/it] 96%|█████████▌| 115/120 [25:16<00:36,  7.32s/it] 97%|█████████▋| 116/120 [25:23<00:28,  7.17s/it] 98%|█████████▊| 117/120 [25:41<00:31, 10.48s/it] 98%|█████████▊| 118/120 [25:52<00:21, 10.58s/it] 99%|█████████▉| 119/120 [25:54<00:08,  8.08s/it]100%|██████████| 120/120 [25:59<00:00,  7.03s/it]100%|██████████| 120/120 [25:59<00:00, 12.99s/it]
litellm.RateLimitError: BedrockException - {"message":"Too many requests, please wait before trying again. You have sent too many requests.  Wait before trying again."} [sleep 10 seconds]
litellm.RateLimitError: BedrockException - {"message":"Too many requests, please wait before trying again. You have sent too many requests.  Wait before trying again."} [sleep 10 seconds]
litellm.RateLimitError: BedrockException - {"message":"Too many requests, please wait before trying again. You have sent too many requests.  Wait before trying again."} [sleep 10 seconds]
litellm.RateLimitError: BedrockException - {"message":"Too many requests, please wait before trying again. You have sent too many requests.  Wait before trying again."} [sleep 10 seconds]
litellm.RateLimitError: BedrockException - {"message":"Too many requests, please wait before trying again. You have sent too many requests.  Wait before trying again."} [sleep 10 seconds]
litellm.RateLimitError: BedrockException - {"message":"Too many requests, please wait before trying again. You have sent too many requests.  Wait before trying again."} [sleep 10 seconds]
litellm.RateLimitError: BedrockException - {"message":"Too many requests, please wait before trying again. You have sent too many requests.  Wait before trying again."} [sleep 10 seconds]
litellm.APIConnectionError: [SSL] record layer failure (_ssl.c:2578)
Traceback (most recent call last):
  File "/opt/conda/envs/refchecker/lib/python3.10/site-packages/httpx/_transports/default.py", line 69, in map_httpcore_exceptions
    yield
  File "/opt/conda/envs/refchecker/lib/python3.10/site-packages/httpx/_transports/default.py", line 233, in handle_request
    resp = self._pool.handle_request(req)
  File "/opt/conda/envs/refchecker/lib/python3.10/site-packages/httpcore/_sync/connection_pool.py", line 216, in handle_request
    raise exc from None
  File "/opt/conda/envs/refchecker/lib/python3.10/site-packages/httpcore/_sync/connection_pool.py", line 196, in handle_request
    response = connection.handle_request(
  File "/opt/conda/envs/refchecker/lib/python3.10/site-packages/httpcore/_sync/connection.py", line 101, in handle_request
    return self._connection.handle_request(request)
  File "/opt/conda/envs/refchecker/lib/python3.10/site-packages/httpcore/_sync/http11.py", line 143, in handle_request
    raise exc
  File "/opt/conda/envs/refchecker/lib/python3.10/site-packages/httpcore/_sync/http11.py", line 113, in handle_request
    ) = self._receive_response_headers(**kwargs)
  File "/opt/conda/envs/refchecker/lib/python3.10/site-packages/httpcore/_sync/http11.py", line 186, in _receive_response_headers
    event = self._receive_event(timeout=timeout)
  File "/opt/conda/envs/refchecker/lib/python3.10/site-packages/httpcore/_sync/http11.py", line 224, in _receive_event
    data = self._network_stream.read(
  File "/opt/conda/envs/refchecker/lib/python3.10/site-packages/httpcore/_backends/sync.py", line 124, in read
    with map_exceptions(exc_map):
  File "/opt/conda/envs/refchecker/lib/python3.10/contextlib.py", line 153, in __exit__
    self.gen.throw(typ, value, traceback)
  File "/opt/conda/envs/refchecker/lib/python3.10/site-packages/httpcore/_exceptions.py", line 14, in map_exceptions
    raise to_exc(exc) from exc
httpcore.ReadError: [SSL] record layer failure (_ssl.c:2578)

The above exception was the direct cause of the following exception:

Traceback (most recent call last):
  File "/opt/conda/envs/refchecker/lib/python3.10/site-packages/litellm/main.py", line 2293, in completion
    response = bedrock_chat_completion.completion(
  File "/opt/conda/envs/refchecker/lib/python3.10/site-packages/litellm/llms/bedrock_httpx.py", line 1094, in completion
    response = self.client.post(url=prepped.url, headers=prepped.headers, data=data)  # type: ignore
  File "/opt/conda/envs/refchecker/lib/python3.10/site-packages/litellm/llms/custom_httpx/http_handler.py", line 200, in post
    response = self.client.send(req, stream=stream)
  File "/opt/conda/envs/refchecker/lib/python3.10/site-packages/httpx/_client.py", line 914, in send
    response = self._send_handling_auth(
  File "/opt/conda/envs/refchecker/lib/python3.10/site-packages/httpx/_client.py", line 942, in _send_handling_auth
    response = self._send_handling_redirects(
  File "/opt/conda/envs/refchecker/lib/python3.10/site-packages/httpx/_client.py", line 979, in _send_handling_redirects
    response = self._send_single_request(request)
  File "/opt/conda/envs/refchecker/lib/python3.10/site-packages/httpx/_client.py", line 1015, in _send_single_request
    response = transport.handle_request(request)
  File "/opt/conda/envs/refchecker/lib/python3.10/site-packages/httpx/_transports/default.py", line 232, in handle_request
    with map_httpcore_exceptions():
  File "/opt/conda/envs/refchecker/lib/python3.10/contextlib.py", line 153, in __exit__
    self.gen.throw(typ, value, traceback)
  File "/opt/conda/envs/refchecker/lib/python3.10/site-packages/httpx/_transports/default.py", line 86, in map_httpcore_exceptions
    raise mapped_exc(message) from exc
httpx.ReadError: [SSL] record layer failure (_ssl.c:2578)
 [sleep 10 seconds]
litellm.RateLimitError: BedrockException - {"message":"Too many requests, please wait before trying again. You have sent too many requests.  Wait before trying again."} [sleep 10 seconds]
litellm.RateLimitError: BedrockException - {"message":"Too many requests, please wait before trying again. You have sent too many requests.  Wait before trying again."} [sleep 10 seconds]
litellm.RateLimitError: BedrockException - {"message":"Too many requests, please wait before trying again. You have sent too many requests.  Wait before trying again."} [sleep 10 seconds]
litellm.RateLimitError: BedrockException - {"message":"Too many requests, please wait before trying again. You have sent too many requests.  Wait before trying again."} [sleep 10 seconds]
litellm.RateLimitError: BedrockException - {"message":"Too many requests, please wait before trying again. You have sent too many requests.  Wait before trying again."} [sleep 10 seconds]
litellm.RateLimitError: BedrockException - {"message":"Too many requests, please wait before trying again. You have sent too many requests.  Wait before trying again."} [sleep 10 seconds]
litellm.RateLimitError: BedrockException - {"message":"Too many requests, please wait before trying again. You have sent too many requests.  Wait before trying again."} [sleep 10 seconds]
litellm.RateLimitError: BedrockException - {"message":"Too many requests, please wait before trying again. You have sent too many requests.  Wait before trying again."} [sleep 10 seconds]
litellm.RateLimitError: BedrockException - {"message":"Too many requests, please wait before trying again. You have sent too many requests.  Wait before trying again."} [sleep 10 seconds]
litellm.RateLimitError: BedrockException - {"message":"Too many requests, please wait before trying again. You have sent too many requests.  Wait before trying again."} [sleep 10 seconds]
litellm.RateLimitError: BedrockException - {"message":"Too many requests, please wait before trying again. You have sent too many requests.  Wait before trying again."} [sleep 10 seconds]
litellm.RateLimitError: BedrockException - {"message":"Too many requests, please wait before trying again. You have sent too many requests.  Wait before trying again."} [sleep 10 seconds]
litellm.RateLimitError: BedrockException - {"message":"Too many requests, please wait before trying again. You have sent too many requests.  Wait before trying again."} [sleep 10 seconds]
time:  1559.3186588287354
  0%|          | 0/150 [00:00<?, ?it/s]  1%|          | 1/150 [00:05<12:38,  5.09s/it]  1%|▏         | 2/150 [00:08<09:29,  3.85s/it]  2%|▏         | 3/150 [00:29<29:04, 11.87s/it]  3%|▎         | 4/150 [00:36<24:04,  9.89s/it]  3%|▎         | 5/150 [00:42<20:40,  8.55s/it]  4%|▍         | 6/150 [00:44<15:17,  6.37s/it]  5%|▍         | 7/150 [00:47<12:27,  5.23s/it]  5%|▌         | 8/150 [01:03<20:46,  8.78s/it]  6%|▌         | 9/150 [01:06<16:01,  6.82s/it]  7%|▋         | 10/150 [01:27<25:51, 11.08s/it]  7%|▋         | 11/150 [01:30<20:28,  8.83s/it]  8%|▊         | 12/150 [01:33<16:13,  7.06s/it]  9%|▊         | 13/150 [01:50<22:29,  9.85s/it]  9%|▉         | 14/150 [01:55<19:10,  8.46s/it] 10%|█         | 15/150 [02:04<19:20,  8.60s/it] 11%|█         | 16/150 [02:06<15:06,  6.77s/it] 11%|█▏        | 17/150 [02:11<13:52,  6.26s/it] 12%|█▏        | 18/150 [02:34<24:25, 11.10s/it] 13%|█▎        | 19/150 [02:43<22:56, 10.51s/it] 13%|█▎        | 20/150 [02:48<19:21,  8.93s/it] 14%|█▍        | 21/150 [02:58<20:06,  9.35s/it] 15%|█▍        | 22/150 [03:03<16:48,  7.88s/it] 15%|█▌        | 23/150 [03:17<20:35,  9.73s/it] 16%|█▌        | 24/150 [03:22<17:22,  8.27s/it] 17%|█▋        | 25/150 [03:24<13:32,  6.50s/it] 17%|█▋        | 26/150 [03:27<11:22,  5.51s/it] 18%|█▊        | 27/150 [03:41<16:34,  8.08s/it] 19%|█▊        | 28/150 [03:45<13:31,  6.65s/it] 19%|█▉        | 29/150 [04:00<18:42,  9.28s/it] 20%|██        | 30/150 [04:03<14:35,  7.29s/it] 21%|██        | 31/150 [04:07<12:30,  6.30s/it] 21%|██▏       | 32/150 [04:24<18:57,  9.64s/it] 22%|██▏       | 33/150 [04:44<24:39, 12.65s/it] 23%|██▎       | 34/150 [04:50<20:29, 10.60s/it] 23%|██▎       | 35/150 [04:53<16:14,  8.48s/it] 24%|██▍       | 36/150 [04:56<12:48,  6.74s/it] 25%|██▍       | 37/150 [05:17<21:02, 11.17s/it] 25%|██▌       | 38/150 [05:25<19:04, 10.22s/it] 26%|██▌       | 39/150 [05:28<14:28,  7.83s/it] 27%|██▋       | 40/150 [05:30<11:18,  6.17s/it] 27%|██▋       | 41/150 [05:33<09:14,  5.09s/it] 28%|██▊       | 42/150 [05:47<14:07,  7.85s/it] 29%|██▊       | 43/150 [05:51<11:55,  6.68s/it] 29%|██▉       | 44/150 [06:07<16:49,  9.52s/it] 30%|███       | 45/150 [06:09<12:46,  7.30s/it] 31%|███       | 46/150 [06:31<20:15, 11.69s/it] 31%|███▏      | 47/150 [06:37<17:08,  9.98s/it] 32%|███▏      | 48/150 [06:39<12:55,  7.60s/it] 33%|███▎      | 49/150 [06:57<17:48, 10.58s/it]litellm.RateLimitError: BedrockException - {"message":"Too many requests, please wait before trying again. You have sent too many requests.  Wait before trying again."} [sleep 10 seconds]
litellm.RateLimitError: BedrockException - {"message":"Too many requests, please wait before trying again. You have sent too many requests.  Wait before trying again."} [sleep 10 seconds]
litellm.RateLimitError: BedrockException - {"message":"Too many requests, please wait before trying again. You have sent too many requests.  Wait before trying again."} [sleep 10 seconds]
litellm.RateLimitError: BedrockException - {"message":"Too many requests, please wait before trying again. You have sent too many requests.  Wait before trying again."} [sleep 10 seconds]
litellm.RateLimitError: BedrockException - {"message":"Too many requests, please wait before trying again. You have sent too many requests.  Wait before trying again."} [sleep 10 seconds]
litellm.RateLimitError: BedrockException - {"message":"Too many requests, please wait before trying again. You have sent too many requests.  Wait before trying again."} [sleep 10 seconds]
litellm.RateLimitError: BedrockException - {"message":"Too many requests, please wait before trying again. You have sent too many requests.  Wait before trying again."} [sleep 10 seconds]
litellm.APIConnectionError: [Errno 9] Bad file descriptor
Traceback (most recent call last):
  File "/opt/conda/envs/refchecker/lib/python3.10/site-packages/httpx/_transports/default.py", line 69, in map_httpcore_exceptions
    yield
  File "/opt/conda/envs/refchecker/lib/python3.10/site-packages/httpx/_transports/default.py", line 233, in handle_request
    resp = self._pool.handle_request(req)
  File "/opt/conda/envs/refchecker/lib/python3.10/site-packages/httpcore/_sync/connection_pool.py", line 216, in handle_request
    raise exc from None
  File "/opt/conda/envs/refchecker/lib/python3.10/site-packages/httpcore/_sync/connection_pool.py", line 196, in handle_request
    response = connection.handle_request(
  File "/opt/conda/envs/refchecker/lib/python3.10/site-packages/httpcore/_sync/connection.py", line 101, in handle_request
    return self._connection.handle_request(request)
  File "/opt/conda/envs/refchecker/lib/python3.10/site-packages/httpcore/_sync/http11.py", line 143, in handle_request
    raise exc
  File "/opt/conda/envs/refchecker/lib/python3.10/site-packages/httpcore/_sync/http11.py", line 113, in handle_request
    ) = self._receive_response_headers(**kwargs)
  File "/opt/conda/envs/refchecker/lib/python3.10/site-packages/httpcore/_sync/http11.py", line 186, in _receive_response_headers
    event = self._receive_event(timeout=timeout)
  File "/opt/conda/envs/refchecker/lib/python3.10/site-packages/httpcore/_sync/http11.py", line 224, in _receive_event
    data = self._network_stream.read(
  File "/opt/conda/envs/refchecker/lib/python3.10/site-packages/httpcore/_backends/sync.py", line 124, in read
    with map_exceptions(exc_map):
  File "/opt/conda/envs/refchecker/lib/python3.10/contextlib.py", line 153, in __exit__
    self.gen.throw(typ, value, traceback)
  File "/opt/conda/envs/refchecker/lib/python3.10/site-packages/httpcore/_exceptions.py", line 14, in map_exceptions
    raise to_exc(exc) from exc
httpcore.ReadError: [Errno 9] Bad file descriptor

The above exception was the direct cause of the following exception:

Traceback (most recent call last):
  File "/opt/conda/envs/refchecker/lib/python3.10/site-packages/litellm/main.py", line 2293, in completion
    response = bedrock_chat_completion.completion(
  File "/opt/conda/envs/refchecker/lib/python3.10/site-packages/litellm/llms/bedrock_httpx.py", line 1094, in completion
    response = self.client.post(url=prepped.url, headers=prepped.headers, data=data)  # type: ignore
  File "/opt/conda/envs/refchecker/lib/python3.10/site-packages/litellm/llms/custom_httpx/http_handler.py", line 200, in post
    response = self.client.send(req, stream=stream)
  File "/opt/conda/envs/refchecker/lib/python3.10/site-packages/httpx/_client.py", line 914, in send
    response = self._send_handling_auth(
  File "/opt/conda/envs/refchecker/lib/python3.10/site-packages/httpx/_client.py", line 942, in _send_handling_auth
    response = self._send_handling_redirects(
  File "/opt/conda/envs/refchecker/lib/python3.10/site-packages/httpx/_client.py", line 979, in _send_handling_redirects
    response = self._send_single_request(request)
  File "/opt/conda/envs/refchecker/lib/python3.10/site-packages/httpx/_client.py", line 1015, in _send_single_request
    response = transport.handle_request(request)
  File "/opt/conda/envs/refchecker/lib/python3.10/site-packages/httpx/_transports/default.py", line 232, in handle_request
    with map_httpcore_exceptions():
  File "/opt/conda/envs/refchecker/lib/python3.10/contextlib.py", line 153, in __exit__
    self.gen.throw(typ, value, traceback)
  File "/opt/conda/envs/refchecker/lib/python3.10/site-packages/httpx/_transports/default.py", line 86, in map_httpcore_exceptions
    raise mapped_exc(message) from exc
httpx.ReadError: [Errno 9] Bad file descriptor
 [sleep 10 seconds]
litellm.RateLimitError: BedrockException - {"message":"Too many requests, please wait before trying again. You have sent too many requests.  Wait before trying again."} [sleep 10 seconds]
litellm.RateLimitError: BedrockException - {"message":"Too many requests, please wait before trying again. You have sent too many requests.  Wait before trying again."} [sleep 10 seconds]
litellm.RateLimitError: BedrockException - {"message":"Too many requests, please wait before trying again. You have sent too many requests.  Wait before trying again."} [sleep 10 seconds]
litellm.RateLimitError: BedrockException - {"message":"Too many requests, please wait before trying again. You have sent too many requests.  Wait before trying again."} [sleep 10 seconds]
litellm.RateLimitError: BedrockException - {"message":"Too many requests, please wait before trying again. You have sent too many requests.  Wait before trying again."} [sleep 10 seconds]
 33%|███▎      | 50/150 [15:39<4:33:20, 164.00s/it] 34%|███▍      | 51/150 [15:50<3:15:06, 118.24s/it] 35%|███▍      | 52/150 [15:55<2:17:52, 84.41s/it]  35%|███▌      | 53/150 [15:59<1:37:26, 60.27s/it] 36%|███▌      | 54/150 [16:04<1:09:30, 43.44s/it] 37%|███▋      | 55/150 [16:08<50:09, 31.68s/it]   37%|███▋      | 56/150 [16:11<36:10, 23.09s/it] 38%|███▊      | 57/150 [16:14<26:27, 17.07s/it] 39%|███▊      | 58/150 [16:23<22:37, 14.76s/it] 39%|███▉      | 59/150 [16:27<17:19, 11.43s/it] 40%|████      | 60/150 [16:32<14:28,  9.65s/it] 41%|████      | 61/150 [16:35<10:58,  7.39s/it] 41%|████▏     | 62/150 [16:38<09:11,  6.26s/it] 42%|████▏     | 63/150 [16:40<07:19,  5.05s/it] 43%|████▎     | 64/150 [16:48<08:22,  5.84s/it] 43%|████▎     | 65/150 [16:54<08:16,  5.84s/it] 44%|████▍     | 66/150 [16:59<07:51,  5.61s/it] 45%|████▍     | 67/150 [17:03<07:08,  5.16s/it] 45%|████▌     | 68/150 [17:06<06:05,  4.45s/it] 46%|████▌     | 69/150 [17:25<11:45,  8.71s/it] 47%|████▋     | 70/150 [17:27<09:06,  6.84s/it] 47%|████▋     | 71/150 [17:42<12:19,  9.36s/it] 48%|████▊     | 72/150 [17:46<10:07,  7.78s/it] 49%|████▊     | 73/150 [17:49<07:57,  6.20s/it] 49%|████▉     | 74/150 [18:05<11:42,  9.25s/it] 50%|█████     | 75/150 [18:09<09:37,  7.70s/it] 51%|█████     | 76/150 [18:26<12:55, 10.48s/it] 51%|█████▏    | 77/150 [18:31<10:41,  8.79s/it] 52%|█████▏    | 78/150 [18:45<12:17, 10.24s/it] 53%|█████▎    | 79/150 [18:48<09:30,  8.03s/it] 53%|█████▎    | 80/150 [19:09<13:54, 11.92s/it] 54%|█████▍    | 81/150 [19:11<10:31,  9.15s/it] 55%|█████▍    | 82/150 [19:15<08:28,  7.48s/it] 55%|█████▌    | 83/150 [19:37<13:18, 11.91s/it] 56%|█████▌    | 84/150 [19:42<10:52,  9.88s/it] 57%|█████▋    | 85/150 [19:49<09:38,  8.90s/it] 57%|█████▋    | 86/150 [19:53<07:49,  7.34s/it] 58%|█████▊    | 87/150 [19:56<06:25,  6.11s/it] 59%|█████▊    | 88/150 [20:10<08:40,  8.39s/it] 59%|█████▉    | 89/150 [20:12<06:46,  6.66s/it] 60%|██████    | 90/150 [20:25<08:37,  8.63s/it] 61%|██████    | 91/150 [20:28<06:38,  6.76s/it] 61%|██████▏   | 92/150 [20:43<09:03,  9.38s/it] 62%|██████▏   | 93/150 [20:47<07:12,  7.59s/it] 63%|██████▎   | 94/150 [20:53<06:39,  7.13s/it] 63%|██████▎   | 95/150 [21:01<06:53,  7.52s/it] 64%|██████▍   | 96/150 [21:06<06:02,  6.71s/it] 65%|██████▍   | 97/150 [21:26<09:26, 10.68s/it] 65%|██████▌   | 98/150 [21:29<07:19,  8.45s/it] 66%|██████▌   | 99/150 [21:34<06:09,  7.24s/it] 67%|██████▋   | 100/150 [21:38<05:25,  6.52s/it] 67%|██████▋   | 101/150 [21:55<07:45,  9.49s/it] 68%|██████▊   | 102/150 [22:01<06:40,  8.34s/it] 69%|██████▊   | 103/150 [22:03<05:05,  6.51s/it] 69%|██████▉   | 104/150 [22:18<07:01,  9.16s/it] 70%|███████   | 105/150 [22:20<05:20,  7.11s/it] 71%|███████   | 106/150 [22:40<08:02, 10.95s/it] 71%|███████▏  | 107/150 [22:49<07:24, 10.35s/it] 72%|███████▏  | 108/150 [22:56<06:24,  9.15s/it] 73%|███████▎  | 109/150 [22:58<04:52,  7.13s/it] 73%|███████▎  | 110/150 [23:06<04:56,  7.41s/it] 74%|███████▍  | 111/150 [23:12<04:35,  7.07s/it] 75%|███████▍  | 112/150 [23:15<03:42,  5.85s/it] 75%|███████▌  | 113/150 [23:31<05:24,  8.78s/it] 76%|███████▌  | 114/150 [23:33<04:05,  6.82s/it] 77%|███████▋  | 115/150 [23:48<05:21,  9.19s/it] 77%|███████▋  | 116/150 [23:54<04:41,  8.28s/it] 78%|███████▊  | 117/150 [23:58<03:46,  6.88s/it] 79%|███████▊  | 118/150 [24:13<05:02,  9.45s/it] 79%|███████▉  | 119/150 [24:18<04:10,  8.07s/it] 80%|████████  | 120/150 [24:20<03:09,  6.32s/it] 81%|████████  | 121/150 [24:34<04:07,  8.52s/it] 81%|████████▏ | 122/150 [24:36<03:06,  6.68s/it] 82%|████████▏ | 123/150 [24:51<04:05,  9.10s/it] 83%|████████▎ | 124/150 [24:57<03:28,  8.01s/it] 83%|████████▎ | 125/150 [24:59<02:40,  6.41s/it] 84%|████████▍ | 126/150 [25:14<03:35,  8.97s/it] 85%|████████▍ | 127/150 [25:21<03:08,  8.20s/it] 85%|████████▌ | 128/150 [25:25<02:37,  7.16s/it] 86%|████████▌ | 129/150 [25:49<04:14, 12.10s/it] 87%|████████▋ | 130/150 [25:54<03:16,  9.84s/it] 87%|████████▋ | 131/150 [25:57<02:33,  8.07s/it] 88%|████████▊ | 132/150 [26:05<02:23,  7.99s/it] 89%|████████▊ | 133/150 [26:10<01:59,  7.01s/it] 89%|████████▉ | 134/150 [26:24<02:27,  9.23s/it] 90%|█████████ | 135/150 [26:32<02:09,  8.65s/it] 91%|█████████ | 136/150 [26:37<01:46,  7.61s/it] 91%|█████████▏| 137/150 [26:43<01:32,  7.15s/it]litellm.APIConnectionError: [SSL] record layer failure (_ssl.c:2578)
Traceback (most recent call last):
  File "/opt/conda/envs/refchecker/lib/python3.10/site-packages/httpx/_transports/default.py", line 69, in map_httpcore_exceptions
    yield
  File "/opt/conda/envs/refchecker/lib/python3.10/site-packages/httpx/_transports/default.py", line 233, in handle_request
    resp = self._pool.handle_request(req)
  File "/opt/conda/envs/refchecker/lib/python3.10/site-packages/httpcore/_sync/connection_pool.py", line 216, in handle_request
    raise exc from None
  File "/opt/conda/envs/refchecker/lib/python3.10/site-packages/httpcore/_sync/connection_pool.py", line 196, in handle_request
    response = connection.handle_request(
  File "/opt/conda/envs/refchecker/lib/python3.10/site-packages/httpcore/_sync/connection.py", line 101, in handle_request
    return self._connection.handle_request(request)
  File "/opt/conda/envs/refchecker/lib/python3.10/site-packages/httpcore/_sync/http11.py", line 143, in handle_request
    raise exc
  File "/opt/conda/envs/refchecker/lib/python3.10/site-packages/httpcore/_sync/http11.py", line 113, in handle_request
    ) = self._receive_response_headers(**kwargs)
  File "/opt/conda/envs/refchecker/lib/python3.10/site-packages/httpcore/_sync/http11.py", line 186, in _receive_response_headers
    event = self._receive_event(timeout=timeout)
  File "/opt/conda/envs/refchecker/lib/python3.10/site-packages/httpcore/_sync/http11.py", line 224, in _receive_event
    data = self._network_stream.read(
  File "/opt/conda/envs/refchecker/lib/python3.10/site-packages/httpcore/_backends/sync.py", line 124, in read
    with map_exceptions(exc_map):
  File "/opt/conda/envs/refchecker/lib/python3.10/contextlib.py", line 153, in __exit__
    self.gen.throw(typ, value, traceback)
  File "/opt/conda/envs/refchecker/lib/python3.10/site-packages/httpcore/_exceptions.py", line 14, in map_exceptions
    raise to_exc(exc) from exc
httpcore.ReadError: [SSL] record layer failure (_ssl.c:2578)

The above exception was the direct cause of the following exception:

Traceback (most recent call last):
  File "/opt/conda/envs/refchecker/lib/python3.10/site-packages/litellm/main.py", line 2293, in completion
    response = bedrock_chat_completion.completion(
  File "/opt/conda/envs/refchecker/lib/python3.10/site-packages/litellm/llms/bedrock_httpx.py", line 1094, in completion
    response = self.client.post(url=prepped.url, headers=prepped.headers, data=data)  # type: ignore
  File "/opt/conda/envs/refchecker/lib/python3.10/site-packages/litellm/llms/custom_httpx/http_handler.py", line 200, in post
    response = self.client.send(req, stream=stream)
  File "/opt/conda/envs/refchecker/lib/python3.10/site-packages/httpx/_client.py", line 914, in send
    response = self._send_handling_auth(
  File "/opt/conda/envs/refchecker/lib/python3.10/site-packages/httpx/_client.py", line 942, in _send_handling_auth
    response = self._send_handling_redirects(
  File "/opt/conda/envs/refchecker/lib/python3.10/site-packages/httpx/_client.py", line 979, in _send_handling_redirects
    response = self._send_single_request(request)
  File "/opt/conda/envs/refchecker/lib/python3.10/site-packages/httpx/_client.py", line 1015, in _send_single_request
    response = transport.handle_request(request)
  File "/opt/conda/envs/refchecker/lib/python3.10/site-packages/httpx/_transports/default.py", line 232, in handle_request
    with map_httpcore_exceptions():
  File "/opt/conda/envs/refchecker/lib/python3.10/contextlib.py", line 153, in __exit__
    self.gen.throw(typ, value, traceback)
  File "/opt/conda/envs/refchecker/lib/python3.10/site-packages/httpx/_transports/default.py", line 86, in map_httpcore_exceptions
    raise mapped_exc(message) from exc
httpx.ReadError: [SSL] record layer failure (_ssl.c:2578)
 [sleep 10 seconds]
litellm.RateLimitError: BedrockException - {"message":"Too many requests, please wait before trying again. You have sent too many requests.  Wait before trying again."} [sleep 10 seconds]
litellm.RateLimitError: BedrockException - {"message":"Too many requests, please wait before trying again. You have sent too many requests.  Wait before trying again."} [sleep 10 seconds]
litellm.RateLimitError: BedrockException - {"message":"Too many requests, please wait before trying again. You have sent too many requests.  Wait before trying again."} [sleep 10 seconds]
litellm.RateLimitError: BedrockException - {"message":"Too many requests, please wait before trying again. You have sent too many requests.  Wait before trying again."} [sleep 10 seconds]
litellm.RateLimitError: BedrockException - {"message":"Too many requests, please wait before trying again. You have sent too many requests.  Wait before trying again."} [sleep 10 seconds]
litellm.RateLimitError: BedrockException - {"message":"Too many requests, please wait before trying again. You have sent too many requests.  Wait before trying again."} [sleep 10 seconds]
litellm.RateLimitError: BedrockException - {"message":"Too many requests, please wait before trying again. You have sent too many requests.  Wait before trying again."} [sleep 10 seconds]
litellm.RateLimitError: BedrockException - {"message":"Too many requests, please wait before trying again. You have sent too many requests.  Wait before trying again."} [sleep 10 seconds]
litellm.RateLimitError: BedrockException - {"message":"Too many requests, please wait before trying again. You have sent too many requests.  Wait before trying again."} [sleep 10 seconds]
litellm.RateLimitError: BedrockException - {"message":"Too many requests, please wait before trying again. You have sent too many requests.  Wait before trying again."} [sleep 10 seconds]
litellm.RateLimitError: BedrockException - {"message":"Too many requests, please wait before trying again. You have sent too many requests.  Wait before trying again."} [sleep 10 seconds]
litellm.RateLimitError: BedrockException - {"message":"Too many requests, please wait before trying again. You have sent too many requests.  Wait before trying again."} [sleep 10 seconds]
litellm.RateLimitError: BedrockException - {"message":"Too many requests, please wait before trying again. You have sent too many requests.  Wait before trying again."} [sleep 10 seconds]
litellm.RateLimitError: BedrockException - {"message":"Too many requests, please wait before trying again. You have sent too many requests.  Wait before trying again."} [sleep 10 seconds]
litellm.RateLimitError: BedrockException - {"message":"Too many requests, please wait before trying again. You have sent too many requests.  Wait before trying again."} [sleep 10 seconds]
litellm.RateLimitError: BedrockException - {"message":"Too many requests, please wait before trying again. You have sent too many requests.  Wait before trying again."} [sleep 10 seconds]
litellm.RateLimitError: BedrockException - {"message":"Too many requests, please wait before trying again. You have sent too many requests.  Wait before trying again."} [sleep 10 seconds]
litellm.RateLimitError: BedrockException - {"message":"Too many requests, please wait before trying again. You have sent too many requests.  Wait before trying again."} [sleep 10 seconds]
litellm.RateLimitError: BedrockException - {"message":"Too many requests, please wait before trying again. You have sent too many requests.  Wait before trying again."} [sleep 10 seconds]
litellm.RateLimitError: BedrockException - {"message":"Too many requests, please wait before trying again. You have sent too many requests.  Wait before trying again."} [sleep 10 seconds]
litellm.RateLimitError: BedrockException - {"message":"Too many requests, please wait before trying again. You have sent too many requests.  Wait before trying again."} [sleep 10 seconds]
litellm.RateLimitError: BedrockException - {"message":"Too many requests, please wait before trying again. You have sent too many requests.  Wait before trying again."} [sleep 10 seconds]
 92%|█████████▏| 138/150 [26:58<01:53,  9.45s/it] 93%|█████████▎| 139/150 [27:01<01:23,  7.59s/it] 93%|█████████▎| 140/150 [27:07<01:10,  7.06s/it] 94%|█████████▍| 141/150 [27:22<01:26,  9.57s/it] 95%|█████████▍| 142/150 [27:27<01:05,  8.13s/it] 95%|█████████▌| 143/150 [27:32<00:49,  7.07s/it] 96%|█████████▌| 144/150 [27:37<00:38,  6.41s/it] 97%|█████████▋| 145/150 [27:50<00:42,  8.57s/it] 97%|█████████▋| 146/150 [27:53<00:27,  6.78s/it] 98%|█████████▊| 147/150 [28:06<00:26,  8.73s/it] 99%|█████████▊| 148/150 [28:15<00:17,  8.82s/it] 99%|█████████▉| 149/150 [28:18<00:07,  7.20s/it]100%|██████████| 150/150 [28:49<00:00, 14.07s/it]100%|██████████| 150/150 [28:49<00:00, 11.53s/it]
litellm.RateLimitError: BedrockException - {"message":"Too many requests, please wait before trying again. You have sent too many requests.  Wait before trying again."} [sleep 10 seconds]
litellm.RateLimitError: BedrockException - {"message":"Too many requests, please wait before trying again. You have sent too many requests.  Wait before trying again."} [sleep 10 seconds]
litellm.RateLimitError: BedrockException - {"message":"Too many requests, please wait before trying again. You have sent too many requests.  Wait before trying again."} [sleep 10 seconds]
litellm.RateLimitError: BedrockException - {"message":"Too many requests, please wait before trying again. You have sent too many requests.  Wait before trying again."} [sleep 10 seconds]
litellm.RateLimitError: BedrockException - {"message":"Too many requests, please wait before trying again. You have sent too many requests.  Wait before trying again."} [sleep 10 seconds]
time:  1729.1667053699493
  0%|          | 0/139 [00:00<?, ?it/s]  1%|          | 1/139 [00:02<04:51,  2.11s/it]  1%|▏         | 2/139 [00:06<07:50,  3.44s/it]  2%|▏         | 3/139 [00:18<16:14,  7.16s/it]  3%|▎         | 4/139 [00:25<16:09,  7.18s/it]  4%|▎         | 5/139 [00:37<19:43,  8.83s/it]  4%|▍         | 6/139 [00:41<16:21,  7.38s/it]  5%|▌         | 7/139 [00:51<18:18,  8.32s/it]  6%|▌         | 8/139 [00:56<15:43,  7.20s/it]  6%|▋         | 9/139 [00:59<12:26,  5.74s/it]  7%|▋         | 10/139 [01:22<23:56, 11.14s/it]  8%|▊         | 11/139 [01:33<23:32, 11.04s/it]  9%|▊         | 12/139 [01:38<19:39,  9.29s/it]  9%|▉         | 13/139 [01:41<15:36,  7.43s/it] 10%|█         | 14/139 [02:20<35:20, 16.97s/it] 11%|█         | 15/139 [02:24<27:02, 13.09s/it] 12%|█▏        | 16/139 [02:43<30:15, 14.76s/it] 12%|█▏        | 17/139 [02:47<23:21, 11.49s/it] 13%|█▎        | 18/139 [02:51<19:00,  9.43s/it] 14%|█▎        | 19/139 [03:01<19:08,  9.57s/it] 14%|█▍        | 20/139 [03:21<25:11, 12.70s/it] 15%|█▌        | 21/139 [03:26<19:59, 10.17s/it] 16%|█▌        | 22/139 [03:30<16:12,  8.31s/it] 17%|█▋        | 23/139 [03:33<13:24,  6.94s/it] 17%|█▋        | 24/139 [03:44<15:17,  7.98s/it] 18%|█▊        | 25/139 [03:46<11:57,  6.30s/it] 19%|█▊        | 26/139 [03:56<13:52,  7.37s/it] 19%|█▉        | 27/139 [04:01<12:26,  6.67s/it] 20%|██        | 28/139 [04:03<09:53,  5.34s/it] 21%|██        | 29/139 [04:08<09:41,  5.29s/it] 22%|██▏       | 30/139 [04:13<09:30,  5.23s/it] 22%|██▏       | 31/139 [04:24<12:00,  6.67s/it] 23%|██▎       | 32/139 [04:26<09:47,  5.49s/it] 24%|██▎       | 33/139 [04:43<15:28,  8.76s/it] 24%|██▍       | 34/139 [04:51<14:56,  8.54s/it] 25%|██▌       | 35/139 [04:59<14:27,  8.34s/it] 26%|██▌       | 36/139 [05:02<12:03,  7.02s/it] 27%|██▋       | 37/139 [05:16<15:18,  9.00s/it] 27%|██▋       | 38/139 [05:25<15:11,  9.03s/it] 28%|██▊       | 39/139 [05:35<15:16,  9.16s/it] 29%|██▉       | 40/139 [05:37<11:38,  7.06s/it] 29%|██▉       | 41/139 [05:52<15:37,  9.56s/it] 30%|███       | 42/139 [05:55<12:08,  7.51s/it] 31%|███       | 43/139 [06:17<18:59, 11.87s/it] 32%|███▏      | 44/139 [06:29<18:59, 11.99s/it] 32%|███▏      | 45/139 [06:35<15:42, 10.03s/it] 33%|███▎      | 46/139 [06:38<12:26,  8.03s/it] 34%|███▍      | 47/139 [06:42<10:37,  6.93s/it] 35%|███▍      | 48/139 [06:50<10:59,  7.25s/it] 35%|███▌      | 49/139 [06:56<10:07,  6.75s/it] 36%|███▌      | 50/139 [07:17<16:27, 11.09s/it] 37%|███▋      | 51/139 [07:21<13:12,  9.00s/it] 37%|███▋      | 52/139 [07:28<11:58,  8.26s/it] 38%|███▊      | 53/139 [17:44<4:33:05, 190.53s/it] 39%|███▉      | 54/139 [17:47<3:10:27, 134.44s/it] 40%|███▉      | 55/139 [17:52<2:13:41, 95.50s/it]  40%|████      | 56/139 [17:59<1:35:28, 69.02s/it]litellm.RateLimitError: BedrockException - {"message":"Too many requests, please wait before trying again. You have sent too many requests.  Wait before trying again."} [sleep 10 seconds]
litellm.RateLimitError: BedrockException - {"message":"Too many requests, please wait before trying again. You have sent too many requests.  Wait before trying again."} [sleep 10 seconds]
litellm.RateLimitError: BedrockException - {"message":"Too many requests, please wait before trying again. You have sent too many requests.  Wait before trying again."} [sleep 10 seconds]
litellm.RateLimitError: BedrockException - {"message":"Too many requests, please wait before trying again. You have sent too many requests.  Wait before trying again."} [sleep 10 seconds]
litellm.RateLimitError: BedrockException - {"message":"Too many requests, please wait before trying again. You have sent too many requests.  Wait before trying again."} [sleep 10 seconds]
litellm.RateLimitError: BedrockException - {"message":"Too many requests, please wait before trying again. You have sent too many requests.  Wait before trying again."} [sleep 10 seconds]
litellm.APIConnectionError: [SSL] record layer failure (_ssl.c:2578)
Traceback (most recent call last):
  File "/opt/conda/envs/refchecker/lib/python3.10/site-packages/httpx/_transports/default.py", line 69, in map_httpcore_exceptions
    yield
  File "/opt/conda/envs/refchecker/lib/python3.10/site-packages/httpx/_transports/default.py", line 233, in handle_request
    resp = self._pool.handle_request(req)
  File "/opt/conda/envs/refchecker/lib/python3.10/site-packages/httpcore/_sync/connection_pool.py", line 216, in handle_request
    raise exc from None
  File "/opt/conda/envs/refchecker/lib/python3.10/site-packages/httpcore/_sync/connection_pool.py", line 196, in handle_request
    response = connection.handle_request(
  File "/opt/conda/envs/refchecker/lib/python3.10/site-packages/httpcore/_sync/connection.py", line 101, in handle_request
    return self._connection.handle_request(request)
  File "/opt/conda/envs/refchecker/lib/python3.10/site-packages/httpcore/_sync/http11.py", line 143, in handle_request
    raise exc
  File "/opt/conda/envs/refchecker/lib/python3.10/site-packages/httpcore/_sync/http11.py", line 113, in handle_request
    ) = self._receive_response_headers(**kwargs)
  File "/opt/conda/envs/refchecker/lib/python3.10/site-packages/httpcore/_sync/http11.py", line 186, in _receive_response_headers
    event = self._receive_event(timeout=timeout)
  File "/opt/conda/envs/refchecker/lib/python3.10/site-packages/httpcore/_sync/http11.py", line 224, in _receive_event
    data = self._network_stream.read(
  File "/opt/conda/envs/refchecker/lib/python3.10/site-packages/httpcore/_backends/sync.py", line 124, in read
    with map_exceptions(exc_map):
  File "/opt/conda/envs/refchecker/lib/python3.10/contextlib.py", line 153, in __exit__
    self.gen.throw(typ, value, traceback)
  File "/opt/conda/envs/refchecker/lib/python3.10/site-packages/httpcore/_exceptions.py", line 14, in map_exceptions
    raise to_exc(exc) from exc
httpcore.ReadError: [SSL] record layer failure (_ssl.c:2578)

The above exception was the direct cause of the following exception:

Traceback (most recent call last):
  File "/opt/conda/envs/refchecker/lib/python3.10/site-packages/litellm/main.py", line 2293, in completion
    response = bedrock_chat_completion.completion(
  File "/opt/conda/envs/refchecker/lib/python3.10/site-packages/litellm/llms/bedrock_httpx.py", line 1094, in completion
    response = self.client.post(url=prepped.url, headers=prepped.headers, data=data)  # type: ignore
  File "/opt/conda/envs/refchecker/lib/python3.10/site-packages/litellm/llms/custom_httpx/http_handler.py", line 200, in post
    response = self.client.send(req, stream=stream)
  File "/opt/conda/envs/refchecker/lib/python3.10/site-packages/httpx/_client.py", line 914, in send
    response = self._send_handling_auth(
  File "/opt/conda/envs/refchecker/lib/python3.10/site-packages/httpx/_client.py", line 942, in _send_handling_auth
    response = self._send_handling_redirects(
  File "/opt/conda/envs/refchecker/lib/python3.10/site-packages/httpx/_client.py", line 979, in _send_handling_redirects
    response = self._send_single_request(request)
  File "/opt/conda/envs/refchecker/lib/python3.10/site-packages/httpx/_client.py", line 1015, in _send_single_request
    response = transport.handle_request(request)
  File "/opt/conda/envs/refchecker/lib/python3.10/site-packages/httpx/_transports/default.py", line 232, in handle_request
    with map_httpcore_exceptions():
  File "/opt/conda/envs/refchecker/lib/python3.10/contextlib.py", line 153, in __exit__
    self.gen.throw(typ, value, traceback)
  File "/opt/conda/envs/refchecker/lib/python3.10/site-packages/httpx/_transports/default.py", line 86, in map_httpcore_exceptions
    raise mapped_exc(message) from exc
httpx.ReadError: [SSL] record layer failure (_ssl.c:2578)
 [sleep 10 seconds]
 41%|████      | 57/139 [18:17<1:13:23, 53.70s/it] 42%|████▏     | 58/139 [18:20<52:05, 38.59s/it]   42%|████▏     | 59/139 [18:40<43:40, 32.76s/it] 43%|████▎     | 60/139 [18:48<33:23, 25.36s/it] 44%|████▍     | 61/139 [19:00<27:49, 21.41s/it] 45%|████▍     | 62/139 [19:10<23:03, 17.96s/it] 45%|████▌     | 63/139 [19:13<17:02, 13.45s/it] 46%|████▌     | 64/139 [19:19<14:16, 11.41s/it] 47%|████▋     | 65/139 [19:25<12:06,  9.81s/it] 47%|████▋     | 66/139 [19:29<09:37,  7.91s/it] 48%|████▊     | 67/139 [19:36<09:13,  7.68s/it] 49%|████▉     | 68/139 [19:43<08:57,  7.58s/it] 50%|████▉     | 69/139 [19:51<09:00,  7.73s/it] 50%|█████     | 70/139 [20:00<09:01,  7.84s/it] 51%|█████     | 71/139 [20:02<07:08,  6.31s/it] 52%|█████▏    | 72/139 [20:10<07:33,  6.78s/it] 53%|█████▎    | 73/139 [20:27<10:45,  9.78s/it] 53%|█████▎    | 74/139 [20:29<08:12,  7.57s/it] 54%|█████▍    | 75/139 [20:34<07:11,  6.75s/it] 55%|█████▍    | 76/139 [20:40<06:53,  6.56s/it] 55%|█████▌    | 77/139 [20:52<08:15,  8.00s/it] 56%|█████▌    | 78/139 [21:03<09:12,  9.06s/it] 57%|█████▋    | 79/139 [21:08<07:42,  7.71s/it] 58%|█████▊    | 80/139 [21:11<06:09,  6.27s/it] 58%|█████▊    | 81/139 [21:20<07:02,  7.28s/it] 59%|█████▉    | 82/139 [21:31<07:51,  8.27s/it] 60%|█████▉    | 83/139 [21:35<06:24,  6.87s/it] 60%|██████    | 84/139 [21:52<09:05,  9.92s/it] 61%|██████    | 85/139 [21:57<07:45,  8.63s/it] 62%|██████▏   | 86/139 [22:06<07:32,  8.54s/it] 63%|██████▎   | 87/139 [22:10<06:27,  7.46s/it] 63%|██████▎   | 88/139 [22:16<05:51,  6.90s/it] 64%|██████▍   | 89/139 [22:19<04:42,  5.64s/it] 65%|██████▍   | 90/139 [22:27<05:21,  6.56s/it] 65%|██████▌   | 91/139 [22:30<04:13,  5.29s/it] 66%|██████▌   | 92/139 [22:54<08:29, 10.84s/it] 67%|██████▋   | 93/139 [22:58<06:45,  8.82s/it] 68%|██████▊   | 94/139 [23:08<06:52,  9.16s/it] 68%|██████▊   | 95/139 [23:12<05:42,  7.78s/it] 69%|██████▉   | 96/139 [23:19<05:25,  7.58s/it] 70%|██████▉   | 97/139 [23:25<04:58,  7.10s/it] 71%|███████   | 98/139 [23:39<06:10,  9.05s/it] 71%|███████   | 99/139 [23:55<07:28, 11.22s/it] 72%|███████▏  | 100/139 [23:58<05:34,  8.58s/it] 73%|███████▎  | 101/139 [24:01<04:21,  6.89s/it] 73%|███████▎  | 102/139 [24:22<06:52, 11.16s/it] 74%|███████▍  | 103/139 [24:29<05:57,  9.93s/it] 75%|███████▍  | 104/139 [24:34<05:01,  8.61s/it] 76%|███████▌  | 105/139 [24:38<04:00,  7.08s/it] 76%|███████▋  | 106/139 [24:44<03:41,  6.73s/it] 77%|███████▋  | 107/139 [24:59<04:55,  9.24s/it] 78%|███████▊  | 108/139 [25:06<04:27,  8.61s/it] 78%|███████▊  | 109/139 [25:11<03:49,  7.64s/it] 79%|███████▉  | 110/139 [25:40<06:47, 14.04s/it] 80%|███████▉  | 111/139 [25:48<05:43, 12.28s/it] 81%|████████  | 112/139 [26:01<05:30, 12.24s/it] 81%|████████▏ | 113/139 [26:07<04:28, 10.35s/it] 82%|████████▏ | 114/139 [26:10<03:28,  8.34s/it] 83%|████████▎ | 115/139 [26:14<02:50,  7.12s/it] 83%|████████▎ | 116/139 [26:20<02:31,  6.58s/it] 84%|████████▍ | 117/139 [26:27<02:32,  6.93s/it] 85%|████████▍ | 118/139 [26:36<02:36,  7.46s/it] 86%|████████▌ | 119/139 [26:52<03:20, 10.01s/it] 86%|████████▋ | 120/139 [27:00<02:58,  9.40s/it] 87%|████████▋ | 121/139 [27:04<02:20,  7.79s/it] 88%|████████▊ | 122/139 [27:13<02:17,  8.08s/it] 88%|████████▊ | 123/139 [27:21<02:09,  8.12s/it] 89%|████████▉ | 124/139 [27:28<01:56,  7.77s/it] 90%|████████▉ | 125/139 [27:38<01:58,  8.44s/it] 91%|█████████ | 126/139 [27:42<01:31,  7.05s/it] 91%|█████████▏| 127/139 [27:54<01:42,  8.54s/it] 92%|█████████▏| 128/139 [27:58<01:17,  7.08s/it] 93%|█████████▎| 129/139 [28:00<00:57,  5.73s/it] 94%|█████████▎| 130/139 [28:20<01:29,  9.96s/it] 94%|█████████▍| 131/139 [28:22<01:01,  7.70s/it] 95%|█████████▍| 132/139 [28:28<00:49,  7.03s/it] 96%|█████████▌| 133/139 [28:50<01:08, 11.43s/it] 96%|█████████▋| 134/139 [28:54<00:46,  9.21s/it] 97%|█████████▋| 135/139 [29:03<00:36,  9.12s/it] 98%|█████████▊| 136/139 [29:06<00:22,  7.55s/it] 99%|█████████▊| 137/139 [29:10<00:12,  6.25s/it] 99%|█████████▉| 138/139 [29:24<00:08,  8.63s/it]100%|██████████| 139/139 [29:33<00:00,  8.68s/it]100%|██████████| 139/139 [29:33<00:00, 12.76s/it]
litellm.APIConnectionError: [Errno 9] Bad file descriptor
Traceback (most recent call last):
  File "/opt/conda/envs/refchecker/lib/python3.10/site-packages/httpx/_transports/default.py", line 69, in map_httpcore_exceptions
    yield
  File "/opt/conda/envs/refchecker/lib/python3.10/site-packages/httpx/_transports/default.py", line 233, in handle_request
    resp = self._pool.handle_request(req)
  File "/opt/conda/envs/refchecker/lib/python3.10/site-packages/httpcore/_sync/connection_pool.py", line 216, in handle_request
    raise exc from None
  File "/opt/conda/envs/refchecker/lib/python3.10/site-packages/httpcore/_sync/connection_pool.py", line 196, in handle_request
    response = connection.handle_request(
  File "/opt/conda/envs/refchecker/lib/python3.10/site-packages/httpcore/_sync/connection.py", line 101, in handle_request
    return self._connection.handle_request(request)
  File "/opt/conda/envs/refchecker/lib/python3.10/site-packages/httpcore/_sync/http11.py", line 143, in handle_request
    raise exc
  File "/opt/conda/envs/refchecker/lib/python3.10/site-packages/httpcore/_sync/http11.py", line 113, in handle_request
    ) = self._receive_response_headers(**kwargs)
  File "/opt/conda/envs/refchecker/lib/python3.10/site-packages/httpcore/_sync/http11.py", line 186, in _receive_response_headers
    event = self._receive_event(timeout=timeout)
  File "/opt/conda/envs/refchecker/lib/python3.10/site-packages/httpcore/_sync/http11.py", line 224, in _receive_event
    data = self._network_stream.read(
  File "/opt/conda/envs/refchecker/lib/python3.10/site-packages/httpcore/_backends/sync.py", line 124, in read
    with map_exceptions(exc_map):
  File "/opt/conda/envs/refchecker/lib/python3.10/contextlib.py", line 153, in __exit__
    self.gen.throw(typ, value, traceback)
  File "/opt/conda/envs/refchecker/lib/python3.10/site-packages/httpcore/_exceptions.py", line 14, in map_exceptions
    raise to_exc(exc) from exc
httpcore.ReadError: [Errno 9] Bad file descriptor

The above exception was the direct cause of the following exception:

Traceback (most recent call last):
  File "/opt/conda/envs/refchecker/lib/python3.10/site-packages/litellm/main.py", line 2293, in completion
    response = bedrock_chat_completion.completion(
  File "/opt/conda/envs/refchecker/lib/python3.10/site-packages/litellm/llms/bedrock_httpx.py", line 1094, in completion
    response = self.client.post(url=prepped.url, headers=prepped.headers, data=data)  # type: ignore
  File "/opt/conda/envs/refchecker/lib/python3.10/site-packages/litellm/llms/custom_httpx/http_handler.py", line 200, in post
    response = self.client.send(req, stream=stream)
  File "/opt/conda/envs/refchecker/lib/python3.10/site-packages/httpx/_client.py", line 914, in send
    response = self._send_handling_auth(
  File "/opt/conda/envs/refchecker/lib/python3.10/site-packages/httpx/_client.py", line 942, in _send_handling_auth
    response = self._send_handling_redirects(
  File "/opt/conda/envs/refchecker/lib/python3.10/site-packages/httpx/_client.py", line 979, in _send_handling_redirects
    response = self._send_single_request(request)
  File "/opt/conda/envs/refchecker/lib/python3.10/site-packages/httpx/_client.py", line 1015, in _send_single_request
    response = transport.handle_request(request)
  File "/opt/conda/envs/refchecker/lib/python3.10/site-packages/httpx/_transports/default.py", line 232, in handle_request
    with map_httpcore_exceptions():
  File "/opt/conda/envs/refchecker/lib/python3.10/contextlib.py", line 153, in __exit__
    self.gen.throw(typ, value, traceback)
  File "/opt/conda/envs/refchecker/lib/python3.10/site-packages/httpx/_transports/default.py", line 86, in map_httpcore_exceptions
    raise mapped_exc(message) from exc
httpx.ReadError: [Errno 9] Bad file descriptor
 [sleep 10 seconds]
litellm.RateLimitError: BedrockException - {"message":"Too many requests, please wait before trying again. You have sent too many requests.  Wait before trying again."} [sleep 10 seconds]
litellm.RateLimitError: BedrockException - {"message":"Too many requests, please wait before trying again. You have sent too many requests.  Wait before trying again."} [sleep 10 seconds]
litellm.RateLimitError: BedrockException - {"message":"Too many requests, please wait before trying again. You have sent too many requests.  Wait before trying again."} [sleep 10 seconds]
litellm.RateLimitError: BedrockException - {"message":"Too many requests, please wait before trying again. You have sent too many requests.  Wait before trying again."} [sleep 10 seconds]
litellm.RateLimitError: BedrockException - {"message":"Too many requests, please wait before trying again. You have sent too many requests.  Wait before trying again."} [sleep 10 seconds]
litellm.RateLimitError: BedrockException - {"message":"Too many requests, please wait before trying again. You have sent too many requests.  Wait before trying again."} [sleep 10 seconds]
litellm.RateLimitError: BedrockException - {"message":"Too many requests, please wait before trying again. You have sent too many requests.  Wait before trying again."} [sleep 10 seconds]
litellm.RateLimitError: BedrockException - {"message":"Too many requests, please wait before trying again. You have sent too many requests.  Wait before trying again."} [sleep 10 seconds]
time:  1773.2491011619568
